# JRE version: Java(TM) SE Runtime Environment (8.0_05-b13) (build 1.8.0_05-b13)
# Java VM: Java HotSpot(TM) 64-Bit Server VM (25.5-b02 mixed mode windows-amd64 compressed oops)
Heap:
 PSYoungGen      total 101888K, used 81597K [0x00000000eb200000, 0x00000000f3300000, 0x0000000100000000)
  eden space 98304K, 83% used [0x00000000eb200000,0x00000000f01af700,0x00000000f1200000)
  from space 3584K, 0% used [0x00000000f2f80000,0x00000000f2f80000,0x00000000f3300000)
  to   space 13824K, 0% used [0x00000000f1800000,0x00000000f1800000,0x00000000f2580000)
 ParOldGen       total 40448K, used 33816K [0x00000000c1600000, 0x00000000c3d80000, 0x00000000eb200000)
  object space 40448K, 83% used [0x00000000c1600000,0x00000000c3706070,0x00000000c3d80000)
 Metaspace       used 78693K, capacity 79544K, committed 79872K, reserved 1114112K
  class space    used 14202K, capacity 14527K, committed 14592K, reserved 1048576K
GC Heap History (10 events):
Event: 52.076 GC heap before
{Heap before GC invocations=32 (full 0):
 PSYoungGen      total 104960K, used 70291K [0x00000000eb200000, 0x00000000f3f00000, 0x0000000100000000)
  eden space 93696K, 68% used [0x00000000eb200000,0x00000000ef0c5248,0x00000000f0d80000)
  from space 11264K, 53% used [0x00000000f0d80000,0x00000000f135fbe0,0x00000000f1880000)
  to   space 11264K, 0% used [0x00000000f3400000,0x00000000f3400000,0x00000000f3f00000)
 ParOldGen       total 64000K, used 34732K [0x00000000c1600000, 0x00000000c5480000, 0x00000000eb200000)
  object space 64000K, 54% used [0x00000000c1600000,0x00000000c37eb3e8,0x00000000c5480000)
 Metaspace       used 64638K, capacity 65424K, committed 65536K, reserved 1101824K
  class space    used 12165K, capacity 12457K, committed 12544K, reserved 1048576K
Event: 52.087 GC heap after
Heap after GC invocations=32 (full 0):
 PSYoungGen      total 96256K, used 6704K [0x00000000eb200000, 0x00000000f3b00000, 0x0000000100000000)
  eden space 89088K, 0% used [0x00000000eb200000,0x00000000eb200000,0x00000000f0900000)
  from space 7168K, 93% used [0x00000000f3400000,0x00000000f3a8c2f0,0x00000000f3b00000)
  to   space 11776K, 0% used [0x00000000f2400000,0x00000000f2400000,0x00000000f2f80000)
 ParOldGen       total 64000K, used 36553K [0x00000000c1600000, 0x00000000c5480000, 0x00000000eb200000)
  object space 64000K, 57% used [0x00000000c1600000,0x00000000c39b2608,0x00000000c5480000)
 Metaspace       used 64638K, capacity 65424K, committed 65536K, reserved 1101824K
  class space    used 12165K, capacity 12457K, committed 12544K, reserved 1048576K
}
Event: 52.087 GC heap before
{Heap before GC invocations=33 (full 1):
 PSYoungGen      total 96256K, used 6704K [0x00000000eb200000, 0x00000000f3b00000, 0x0000000100000000)
  eden space 89088K, 0% used [0x00000000eb200000,0x00000000eb200000,0x00000000f0900000)
  from space 7168K, 93% used [0x00000000f3400000,0x00000000f3a8c2f0,0x00000000f3b00000)
  to   space 11776K, 0% used [0x00000000f2400000,0x00000000f2400000,0x00000000f2f80000)
 ParOldGen       total 64000K, used 36553K [0x00000000c1600000, 0x00000000c5480000, 0x00000000eb200000)
  object space 64000K, 57% used [0x00000000c1600000,0x00000000c39b2608,0x00000000c5480000)
 Metaspace       used 64638K, capacity 65424K, committed 65536K, reserved 1101824K
  class space    used 12165K, capacity 12457K, committed 12544K, reserved 1048576K
Event: 52.343 GC heap after
Heap after GC invocations=33 (full 1):
 PSYoungGen      total 96256K, used 0K [0x00000000eb200000, 0x00000000f3b00000, 0x0000000100000000)
  eden space 89088K, 0% used [0x00000000eb200000,0x00000000eb200000,0x00000000f0900000)
  from space 7168K, 0% used [0x00000000f3400000,0x00000000f3400000,0x00000000f3b00000)
  to   space 11776K, 0% used [0x00000000f2400000,0x00000000f2400000,0x00000000f2f80000)
 ParOldGen       total 40448K, used 33310K [0x00000000c1600000, 0x00000000c3d80000, 0x00000000eb200000)
  object space 40448K, 82% used [0x00000000c1600000,0x00000000c3687b58,0x00000000c3d80000)
 Metaspace       used 64064K, capacity 64660K, committed 65536K, reserved 1101824K
  class space    used 12070K, capacity 12289K, committed 12544K, reserved 1048576K
}
Event: 691.906 GC heap before
{Heap before GC invocations=34 (full 1):
 PSYoungGen      total 96256K, used 89010K [0x00000000eb200000, 0x00000000f3b00000, 0x0000000100000000)
  eden space 89088K, 99% used [0x00000000eb200000,0x00000000f08ec9c0,0x00000000f0900000)
  from space 7168K, 0% used [0x00000000f3400000,0x00000000f3400000,0x00000000f3b00000)
  to   space 11776K, 0% used [0x00000000f2400000,0x00000000f2400000,0x00000000f2f80000)
 ParOldGen       total 40448K, used 33310K [0x00000000c1600000, 0x00000000c3d80000, 0x00000000eb200000)
  object space 40448K, 82% used [0x00000000c1600000,0x00000000c3687b58,0x00000000c3d80000)
 Metaspace       used 76693K, capacity 77486K, committed 77824K, reserved 1112064K
  class space    used 13952K, capacity 14274K, committed 14336K, reserved 1048576K
Event: 691.926 GC heap after
Heap after GC invocations=34 (full 1):
 PSYoungGen      total 114688K, used 11760K [0x00000000eb200000, 0x00000000f3480000, 0x0000000100000000)
  eden space 102912K, 0% used [0x00000000eb200000,0x00000000eb200000,0x00000000f1680000)
  from space 11776K, 99% used [0x00000000f2400000,0x00000000f2f7c058,0x00000000f2f80000)
  to   space 5120K, 0% used [0x00000000f2f80000,0x00000000f2f80000,0x00000000f3480000)
 ParOldGen       total 40448K, used 34955K [0x00000000c1600000, 0x00000000c3d80000, 0x00000000eb200000)
  object space 40448K, 86% used [0x00000000c1600000,0x00000000c3822e88,0x00000000c3d80000)
 Metaspace       used 76693K, capacity 77486K, committed 77824K, reserved 1112064K
  class space    used 13952K, capacity 14274K, committed 14336K, reserved 1048576K
}
Event: 1351.478 GC heap before
{Heap before GC invocations=35 (full 1):
 PSYoungGen      total 114688K, used 114672K [0x00000000eb200000, 0x00000000f3480000, 0x0000000100000000)
  eden space 102912K, 100% used [0x00000000eb200000,0x00000000f1680000,0x00000000f1680000)
  from space 11776K, 99% used [0x00000000f2400000,0x00000000f2f7c058,0x00000000f2f80000)
  to   space 5120K, 0% used [0x00000000f2f80000,0x00000000f2f80000,0x00000000f3480000)
 ParOldGen       total 40448K, used 34955K [0x00000000c1600000, 0x00000000c3d80000, 0x00000000eb200000)
  object space 40448K, 86% used [0x00000000c1600000,0x00000000c3822e88,0x00000000c3d80000)
 Metaspace       used 77467K, capacity 78436K, committed 78720K, reserved 1114112K
  class space    used 14043K, capacity 14367K, committed 14464K, reserved 1048576K
Event: 1351.491 GC heap after
Heap after GC invocations=35 (full 1):
 PSYoungGen      total 101888K, used 3527K [0x00000000eb200000, 0x00000000f3300000, 0x0000000100000000)
  eden space 98304K, 0% used [0x00000000eb200000,0x00000000eb200000,0x00000000f1200000)
  from space 3584K, 98% used [0x00000000f2f80000,0x00000000f32f1fa8,0x00000000f3300000)
  to   space 13824K, 0% used [0x00000000f1800000,0x00000000f1800000,0x00000000f2580000)
 ParOldGen       total 40448K, used 38463K [0x00000000c1600000, 0x00000000c3d80000, 0x00000000eb200000)
  object space 40448K, 95% used [0x00000000c1600000,0x00000000c3b8fce0,0x00000000c3d80000)
 Metaspace       used 77467K, capacity 78436K, committed 78720K, reserved 1114112K
  class space    used 14043K, capacity 14367K, committed 14464K, reserved 1048576K
}
Event: 1351.491 GC heap before
{Heap before GC invocations=36 (full 2):
 PSYoungGen      total 101888K, used 3527K [0x00000000eb200000, 0x00000000f3300000, 0x0000000100000000)
  eden space 98304K, 0% used [0x00000000eb200000,0x00000000eb200000,0x00000000f1200000)
  from space 3584K, 98% used [0x00000000f2f80000,0x00000000f32f1fa8,0x00000000f3300000)
  to   space 13824K, 0% used [0x00000000f1800000,0x00000000f1800000,0x00000000f2580000)
 ParOldGen       total 40448K, used 38463K [0x00000000c1600000, 0x00000000c3d80000, 0x00000000eb200000)
  object space 40448K, 95% used [0x00000000c1600000,0x00000000c3b8fce0,0x00000000c3d80000)
 Metaspace       used 77467K, capacity 78436K, committed 78720K, reserved 1114112K
  class space    used 14043K, capacity 14367K, committed 14464K, reserved 1048576K
Event: 1351.723 GC heap after
Heap after GC invocations=36 (full 2):
 PSYoungGen      total 101888K, used 0K [0x00000000eb200000, 0x00000000f3300000, 0x0000000100000000)
  eden space 98304K, 0% used [0x00000000eb200000,0x00000000eb200000,0x00000000f1200000)
  from space 3584K, 0% used [0x00000000f2f80000,0x00000000f2f80000,0x00000000f3300000)
  to   space 13824K, 0% used [0x00000000f1800000,0x00000000f1800000,0x00000000f2580000)
 ParOldGen       total 40448K, used 33816K [0x00000000c1600000, 0x00000000c3d80000, 0x00000000eb200000)
  object space 40448K, 83% used [0x00000000c1600000,0x00000000c3706070,0x00000000c3d80000)
 Metaspace       used 77087K, capacity 77918K, committed 78720K, reserved 1114112K
  class space    used 13983K, capacity 14266K, committed 14464K, reserved 1048576K
}

