# JRE version: Java(TM) SE Runtime Environment (8.0_05-b13) (build 1.8.0_05-b13)
# Java VM: Java HotSpot(TM) 64-Bit Server VM (25.5-b02 mixed mode windows-amd64 compressed oops)
Heap:
 PSYoungGen      total 80896K, used 60167K [0x00000000eb200000, 0x00000000f1d00000, 0x0000000100000000)
  eden space 56832K, 75% used [0x00000000eb200000,0x00000000edbc78e0,0x00000000ee980000)
  from space 24064K, 72% used [0x00000000f0280000,0x00000000f137a638,0x00000000f1a00000)
  to   space 25600K, 0% used [0x00000000ee980000,0x00000000ee980000,0x00000000f0280000)
 ParOldGen       total 83968K, used 69132K [0x00000000c1600000, 0x00000000c6800000, 0x00000000eb200000)
  object space 83968K, 82% used [0x00000000c1600000,0x00000000c5983298,0x00000000c6800000)
 Metaspace       used 108654K, capacity 109758K, committed 110208K, reserved 1140736K
  class space    used 18923K, capacity 19304K, committed 19328K, reserved 1048576K
GC Heap History (10 events):
Event: 3670.797 GC heap before
{Heap before GC invocations=55 (full 4):
 PSYoungGen      total 68608K, used 59893K [0x00000000eb200000, 0x00000000f2680000, 0x0000000100000000)
  eden space 53760K, 100% used [0x00000000eb200000,0x00000000ee680000,0x00000000ee680000)
  from space 14848K, 41% used [0x00000000efd00000,0x00000000f02fd720,0x00000000f0b80000)
  to   space 23040K, 0% used [0x00000000ee680000,0x00000000ee680000,0x00000000efd00000)
 ParOldGen       total 69120K, used 55574K [0x00000000c1600000, 0x00000000c5980000, 0x00000000eb200000)
  object space 69120K, 80% used [0x00000000c1600000,0x00000000c4c45948,0x00000000c5980000)
 Metaspace       used 98031K, capacity 98862K, committed 99584K, reserved 1130496K
  class space    used 17528K, capacity 17834K, committed 17920K, reserved 1048576K
Event: 3670.877 GC heap after
Heap after GC invocations=55 (full 4):
 PSYoungGen      total 76800K, used 15023K [0x00000000eb200000, 0x00000000f1880000, 0x0000000100000000)
  eden space 53760K, 0% used [0x00000000eb200000,0x00000000eb200000,0x00000000ee680000)
  from space 23040K, 65% used [0x00000000ee680000,0x00000000ef52bd60,0x00000000efd00000)
  to   space 24064K, 0% used [0x00000000f0100000,0x00000000f0100000,0x00000000f1880000)
 ParOldGen       total 69120K, used 61758K [0x00000000c1600000, 0x00000000c5980000, 0x00000000eb200000)
  object space 69120K, 89% used [0x00000000c1600000,0x00000000c524f978,0x00000000c5980000)
 Metaspace       used 98031K, capacity 98862K, committed 99584K, reserved 1130496K
  class space    used 17528K, capacity 17834K, committed 17920K, reserved 1048576K
}
Event: 3670.877 GC heap before
{Heap before GC invocations=56 (full 5):
 PSYoungGen      total 76800K, used 15023K [0x00000000eb200000, 0x00000000f1880000, 0x0000000100000000)
  eden space 53760K, 0% used [0x00000000eb200000,0x00000000eb200000,0x00000000ee680000)
  from space 23040K, 65% used [0x00000000ee680000,0x00000000ef52bd60,0x00000000efd00000)
  to   space 24064K, 0% used [0x00000000f0100000,0x00000000f0100000,0x00000000f1880000)
 ParOldGen       total 69120K, used 61758K [0x00000000c1600000, 0x00000000c5980000, 0x00000000eb200000)
  object space 69120K, 89% used [0x00000000c1600000,0x00000000c524f978,0x00000000c5980000)
 Metaspace       used 98031K, capacity 98862K, committed 99584K, reserved 1130496K
  class space    used 17528K, capacity 17834K, committed 17920K, reserved 1048576K
Event: 3671.272 GC heap after
Heap after GC invocations=56 (full 5):
 PSYoungGen      total 76800K, used 3052K [0x00000000eb200000, 0x00000000f1880000, 0x0000000100000000)
  eden space 53760K, 0% used [0x00000000eb200000,0x00000000eb200000,0x00000000ee680000)
  from space 23040K, 13% used [0x00000000ee680000,0x00000000ee97b198,0x00000000efd00000)
  to   space 24064K, 0% used [0x00000000f0100000,0x00000000f0100000,0x00000000f1880000)
 ParOldGen       total 83968K, used 69108K [0x00000000c1600000, 0x00000000c6800000, 0x00000000eb200000)
  object space 83968K, 82% used [0x00000000c1600000,0x00000000c597d298,0x00000000c6800000)
 Metaspace       used 98031K, capacity 98862K, committed 99584K, reserved 1130496K
  class space    used 17528K, capacity 17834K, committed 17920K, reserved 1048576K
}
Event: 3675.185 GC heap before
{Heap before GC invocations=57 (full 5):
 PSYoungGen      total 76800K, used 56812K [0x00000000eb200000, 0x00000000f1880000, 0x0000000100000000)
  eden space 53760K, 100% used [0x00000000eb200000,0x00000000ee680000,0x00000000ee680000)
  from space 23040K, 13% used [0x00000000ee680000,0x00000000ee97b198,0x00000000efd00000)
  to   space 24064K, 0% used [0x00000000f0100000,0x00000000f0100000,0x00000000f1880000)
 ParOldGen       total 83968K, used 69108K [0x00000000c1600000, 0x00000000c6800000, 0x00000000eb200000)
  object space 83968K, 82% used [0x00000000c1600000,0x00000000c597d298,0x00000000c6800000)
 Metaspace       used 102519K, capacity 103412K, committed 104064K, reserved 1134592K
  class space    used 18181K, capacity 18475K, committed 18560K, reserved 1048576K
Event: 3675.234 GC heap after
Heap after GC invocations=57 (full 5):
 PSYoungGen      total 77824K, used 9847K [0x00000000eb200000, 0x00000000f1600000, 0x0000000100000000)
  eden space 56320K, 0% used [0x00000000eb200000,0x00000000eb200000,0x00000000ee900000)
  from space 21504K, 45% used [0x00000000f0100000,0x00000000f0a9deb8,0x00000000f1600000)
  to   space 23040K, 0% used [0x00000000ee900000,0x00000000ee900000,0x00000000eff80000)
 ParOldGen       total 83968K, used 69116K [0x00000000c1600000, 0x00000000c6800000, 0x00000000eb200000)
  object space 83968K, 82% used [0x00000000c1600000,0x00000000c597f298,0x00000000c6800000)
 Metaspace       used 102519K, capacity 103412K, committed 104064K, reserved 1134592K
  class space    used 18181K, capacity 18475K, committed 18560K, reserved 1048576K
}
Event: 3677.921 GC heap before
{Heap before GC invocations=58 (full 5):
 PSYoungGen      total 77824K, used 66167K [0x00000000eb200000, 0x00000000f1600000, 0x0000000100000000)
  eden space 56320K, 100% used [0x00000000eb200000,0x00000000ee900000,0x00000000ee900000)
  from space 21504K, 45% used [0x00000000f0100000,0x00000000f0a9deb8,0x00000000f1600000)
  to   space 23040K, 0% used [0x00000000ee900000,0x00000000ee900000,0x00000000eff80000)
 ParOldGen       total 83968K, used 69116K [0x00000000c1600000, 0x00000000c6800000, 0x00000000eb200000)
  object space 83968K, 82% used [0x00000000c1600000,0x00000000c597f298,0x00000000c6800000)
 Metaspace       used 104625K, capacity 105492K, committed 106112K, reserved 1136640K
  class space    used 18421K, capacity 18699K, committed 18816K, reserved 1048576K
Event: 3677.941 GC heap after
Heap after GC invocations=58 (full 5):
 PSYoungGen      total 79360K, used 15350K [0x00000000eb200000, 0x00000000f1a00000, 0x0000000100000000)
  eden space 56320K, 0% used [0x00000000eb200000,0x00000000eb200000,0x00000000ee900000)
  from space 23040K, 66% used [0x00000000ee900000,0x00000000ef7fda20,0x00000000eff80000)
  to   space 24064K, 0% used [0x00000000f0280000,0x00000000f0280000,0x00000000f1a00000)
 ParOldGen       total 83968K, used 69124K [0x00000000c1600000, 0x00000000c6800000, 0x00000000eb200000)
  object space 83968K, 82% used [0x00000000c1600000,0x00000000c5981298,0x00000000c6800000)
 Metaspace       used 104625K, capacity 105492K, committed 106112K, reserved 1136640K
  class space    used 18421K, capacity 18699K, committed 18816K, reserved 1048576K
}
Event: 3683.063 GC heap before
{Heap before GC invocations=59 (full 5):
 PSYoungGen      total 79360K, used 71670K [0x00000000eb200000, 0x00000000f1a00000, 0x0000000100000000)
  eden space 56320K, 100% used [0x00000000eb200000,0x00000000ee900000,0x00000000ee900000)
  from space 23040K, 66% used [0x00000000ee900000,0x00000000ef7fda20,0x00000000eff80000)
  to   space 24064K, 0% used [0x00000000f0280000,0x00000000f0280000,0x00000000f1a00000)
 ParOldGen       total 83968K, used 69124K [0x00000000c1600000, 0x00000000c6800000, 0x00000000eb200000)
  object space 83968K, 82% used [0x00000000c1600000,0x00000000c5981298,0x00000000c6800000)
 Metaspace       used 107158K, capacity 108090K, committed 108544K, reserved 1138688K
  class space    used 18746K, capacity 19088K, committed 19200K, reserved 1048576K
Event: 3683.089 GC heap after
Heap after GC invocations=59 (full 5):
 PSYoungGen      total 80896K, used 17385K [0x00000000eb200000, 0x00000000f1d00000, 0x0000000100000000)
  eden space 56832K, 0% used [0x00000000eb200000,0x00000000eb200000,0x00000000ee980000)
  from space 24064K, 72% used [0x00000000f0280000,0x00000000f137a638,0x00000000f1a00000)
  to   space 25600K, 0% used [0x00000000ee980000,0x00000000ee980000,0x00000000f0280000)
 ParOldGen       total 83968K, used 69132K [0x00000000c1600000, 0x00000000c6800000, 0x00000000eb200000)
  object space 83968K, 82% used [0x00000000c1600000,0x00000000c5983298,0x00000000c6800000)
 Metaspace       used 107158K, capacity 108090K, committed 108544K, reserved 1138688K
  class space    used 18746K, capacity 19088K, committed 19200K, reserved 1048576K
}

