# JRE version: Java(TM) SE Runtime Environment (8.0_05-b13) (build 1.8.0_05-b13)
# Java VM: Java HotSpot(TM) 64-Bit Server VM (25.5-b02 mixed mode windows-amd64 compressed oops)
Heap:
 PSYoungGen      total 97792K, used 22958K [0x00000000eb200000, 0x00000000f2280000, 0x0000000100000000)
  eden space 87040K, 14% used [0x00000000eb200000,0x00000000ebe0cd90,0x00000000f0700000)
  from space 10752K, 98% used [0x00000000f1800000,0x00000000f225ee20,0x00000000f2280000)
  to   space 13824K, 0% used [0x00000000f0780000,0x00000000f0780000,0x00000000f1500000)
 ParOldGen       total 41984K, used 34644K [0x00000000c1600000, 0x00000000c3f00000, 0x00000000eb200000)
  object space 41984K, 82% used [0x00000000c1600000,0x00000000c37d5130,0x00000000c3f00000)
 Metaspace       used 75609K, capacity 76325K, committed 76672K, reserved 1112064K
  class space    used 13774K, capacity 14092K, committed 14208K, reserved 1048576K
GC Heap History (10 events):
Event: 27.675 GC heap before
{Heap before GC invocations=29 (full 0):
 PSYoungGen      total 81408K, used 81387K [0x00000000eb200000, 0x00000000f0c80000, 0x0000000100000000)
  eden space 74752K, 100% used [0x00000000eb200000,0x00000000efb00000,0x00000000efb00000)
  from space 6656K, 99% used [0x00000000f0300000,0x00000000f097ac30,0x00000000f0980000)
  to   space 8192K, 0% used [0x00000000efb00000,0x00000000efb00000,0x00000000f0300000)
 ParOldGen       total 64000K, used 21746K [0x00000000c1600000, 0x00000000c5480000, 0x00000000eb200000)
  object space 64000K, 33% used [0x00000000c1600000,0x00000000c2b3cb98,0x00000000c5480000)
 Metaspace       used 53958K, capacity 54550K, committed 54784K, reserved 1093632K
  class space    used 10471K, capacity 10667K, committed 10752K, reserved 1048576K
Event: 27.694 GC heap after
Heap after GC invocations=29 (full 0):
 PSYoungGen      total 82944K, used 7584K [0x00000000eb200000, 0x00000000f2400000, 0x0000000100000000)
  eden space 74752K, 0% used [0x00000000eb200000,0x00000000eb200000,0x00000000efb00000)
  from space 8192K, 92% used [0x00000000efb00000,0x00000000f02680a8,0x00000000f0300000)
  to   space 9728K, 0% used [0x00000000f1a80000,0x00000000f1a80000,0x00000000f2400000)
 ParOldGen       total 64000K, used 23678K [0x00000000c1600000, 0x00000000c5480000, 0x00000000eb200000)
  object space 64000K, 36% used [0x00000000c1600000,0x00000000c2d1fb80,0x00000000c5480000)
 Metaspace       used 53958K, capacity 54550K, committed 54784K, reserved 1093632K
  class space    used 10471K, capacity 10667K, committed 10752K, reserved 1048576K
}
Event: 31.221 GC heap before
{Heap before GC invocations=30 (full 0):
 PSYoungGen      total 82944K, used 82336K [0x00000000eb200000, 0x00000000f2400000, 0x0000000100000000)
  eden space 74752K, 100% used [0x00000000eb200000,0x00000000efb00000,0x00000000efb00000)
  from space 8192K, 92% used [0x00000000efb00000,0x00000000f02680a8,0x00000000f0300000)
  to   space 9728K, 0% used [0x00000000f1a80000,0x00000000f1a80000,0x00000000f2400000)
 ParOldGen       total 64000K, used 23678K [0x00000000c1600000, 0x00000000c5480000, 0x00000000eb200000)
  object space 64000K, 36% used [0x00000000c1600000,0x00000000c2d1fb80,0x00000000c5480000)
 Metaspace       used 55479K, capacity 56078K, committed 56192K, reserved 1093632K
  class space    used 10854K, capacity 11091K, committed 11136K, reserved 1048576K
Event: 31.242 GC heap after
Heap after GC invocations=30 (full 0):
 PSYoungGen      total 105472K, used 9608K [0x00000000eb200000, 0x00000000f2700000, 0x0000000100000000)
  eden space 95744K, 0% used [0x00000000eb200000,0x00000000eb200000,0x00000000f0f80000)
  from space 9728K, 98% used [0x00000000f1a80000,0x00000000f23e2100,0x00000000f2400000)
  to   space 11264K, 0% used [0x00000000f0f80000,0x00000000f0f80000,0x00000000f1a80000)
 ParOldGen       total 64000K, used 28285K [0x00000000c1600000, 0x00000000c5480000, 0x00000000eb200000)
  object space 64000K, 44% used [0x00000000c1600000,0x00000000c319f528,0x00000000c5480000)
 Metaspace       used 55479K, capacity 56078K, committed 56192K, reserved 1093632K
  class space    used 10854K, capacity 11091K, committed 11136K, reserved 1048576K
}
Event: 52.380 GC heap before
{Heap before GC invocations=31 (full 0):
 PSYoungGen      total 105472K, used 100715K [0x00000000eb200000, 0x00000000f2700000, 0x0000000100000000)
  eden space 95744K, 95% used [0x00000000eb200000,0x00000000f0af8c58,0x00000000f0f80000)
  from space 9728K, 98% used [0x00000000f1a80000,0x00000000f23e2100,0x00000000f2400000)
  to   space 11264K, 0% used [0x00000000f0f80000,0x00000000f0f80000,0x00000000f1a80000)
 ParOldGen       total 64000K, used 28285K [0x00000000c1600000, 0x00000000c5480000, 0x00000000eb200000)
  object space 64000K, 44% used [0x00000000c1600000,0x00000000c319f528,0x00000000c5480000)
 Metaspace       used 64660K, capacity 65379K, committed 65536K, reserved 1101824K
  class space    used 12165K, capacity 12419K, committed 12544K, reserved 1048576K
Event: 52.400 GC heap after
Heap after GC invocations=31 (full 0):
 PSYoungGen      total 99840K, used 8658K [0x00000000eb200000, 0x00000000f2300000, 0x0000000100000000)
  eden space 91136K, 0% used [0x00000000eb200000,0x00000000eb200000,0x00000000f0b00000)
  from space 8704K, 99% used [0x00000000f0f80000,0x00000000f17f4b40,0x00000000f1800000)
  to   space 11264K, 0% used [0x00000000f1800000,0x00000000f1800000,0x00000000f2300000)
 ParOldGen       total 64000K, used 36169K [0x00000000c1600000, 0x00000000c5480000, 0x00000000eb200000)
  object space 64000K, 56% used [0x00000000c1600000,0x00000000c3952440,0x00000000c5480000)
 Metaspace       used 64660K, capacity 65379K, committed 65536K, reserved 1101824K
  class space    used 12165K, capacity 12419K, committed 12544K, reserved 1048576K
}
Event: 52.400 GC heap before
{Heap before GC invocations=32 (full 1):
 PSYoungGen      total 99840K, used 8658K [0x00000000eb200000, 0x00000000f2300000, 0x0000000100000000)
  eden space 91136K, 0% used [0x00000000eb200000,0x00000000eb200000,0x00000000f0b00000)
  from space 8704K, 99% used [0x00000000f0f80000,0x00000000f17f4b40,0x00000000f1800000)
  to   space 11264K, 0% used [0x00000000f1800000,0x00000000f1800000,0x00000000f2300000)
 ParOldGen       total 64000K, used 36169K [0x00000000c1600000, 0x00000000c5480000, 0x00000000eb200000)
  object space 64000K, 56% used [0x00000000c1600000,0x00000000c3952440,0x00000000c5480000)
 Metaspace       used 64660K, capacity 65379K, committed 65536K, reserved 1101824K
  class space    used 12165K, capacity 12419K, committed 12544K, reserved 1048576K
Event: 52.649 GC heap after
Heap after GC invocations=32 (full 1):
 PSYoungGen      total 99840K, used 0K [0x00000000eb200000, 0x00000000f2300000, 0x0000000100000000)
  eden space 91136K, 0% used [0x00000000eb200000,0x00000000eb200000,0x00000000f0b00000)
  from space 8704K, 0% used [0x00000000f0f80000,0x00000000f0f80000,0x00000000f1800000)
  to   space 11264K, 0% used [0x00000000f1800000,0x00000000f1800000,0x00000000f2300000)
 ParOldGen       total 41984K, used 34628K [0x00000000c1600000, 0x00000000c3f00000, 0x00000000eb200000)
  object space 41984K, 82% used [0x00000000c1600000,0x00000000c37d1130,0x00000000c3f00000)
 Metaspace       used 64624K, capacity 65303K, committed 65536K, reserved 1101824K
  class space    used 12156K, capacity 12395K, committed 12544K, reserved 1048576K
}
Event: 1069.049 GC heap before
{Heap before GC invocations=33 (full 1):
 PSYoungGen      total 99840K, used 91136K [0x00000000eb200000, 0x00000000f2300000, 0x0000000100000000)
  eden space 91136K, 100% used [0x00000000eb200000,0x00000000f0b00000,0x00000000f0b00000)
  from space 8704K, 0% used [0x00000000f0f80000,0x00000000f0f80000,0x00000000f1800000)
  to   space 11264K, 0% used [0x00000000f1800000,0x00000000f1800000,0x00000000f2300000)
 ParOldGen       total 41984K, used 34628K [0x00000000c1600000, 0x00000000c3f00000, 0x00000000eb200000)
  object space 41984K, 82% used [0x00000000c1600000,0x00000000c37d1130,0x00000000c3f00000)
 Metaspace       used 75543K, capacity 76287K, committed 76544K, reserved 1112064K
  class space    used 13770K, capacity 14059K, committed 14080K, reserved 1048576K
Event: 1069.079 GC heap after
Heap after GC invocations=33 (full 1):
 PSYoungGen      total 97792K, used 10619K [0x00000000eb200000, 0x00000000f2280000, 0x0000000100000000)
  eden space 87040K, 0% used [0x00000000eb200000,0x00000000eb200000,0x00000000f0700000)
  from space 10752K, 98% used [0x00000000f1800000,0x00000000f225ee20,0x00000000f2280000)
  to   space 13824K, 0% used [0x00000000f0780000,0x00000000f0780000,0x00000000f1500000)
 ParOldGen       total 41984K, used 34644K [0x00000000c1600000, 0x00000000c3f00000, 0x00000000eb200000)
  object space 41984K, 82% used [0x00000000c1600000,0x00000000c37d5130,0x00000000c3f00000)
 Metaspace       used 75543K, capacity 76287K, committed 76544K, reserved 1112064K
  class space    used 13770K, capacity 14059K, committed 14080K, reserved 1048576K
}

