# JRE version: Java(TM) SE Runtime Environment (8.0_05-b13) (build 1.8.0_05-b13)
# Java VM: Java HotSpot(TM) 64-Bit Server VM (25.5-b02 mixed mode windows-amd64 compressed oops)
Heap:
 PSYoungGen      total 67072K, used 41960K [0x00000000eb200000, 0x00000000f0c80000, 0x0000000100000000)
  eden space 58880K, 71% used [0x00000000eb200000,0x00000000edafa320,0x00000000eeb80000)
  from space 8192K, 0% used [0x00000000ef600000,0x00000000ef600000,0x00000000efe00000)
  to   space 10752K, 0% used [0x00000000eeb80000,0x00000000eeb80000,0x00000000ef600000)
 ParOldGen       total 44032K, used 37673K [0x00000000c1600000, 0x00000000c4100000, 0x00000000eb200000)
  object space 44032K, 85% used [0x00000000c1600000,0x00000000c3aca6d0,0x00000000c4100000)
 Metaspace       used 75513K, capacity 76298K, committed 76544K, reserved 1112064K
  class space    used 13760K, capacity 14060K, committed 14080K, reserved 1048576K
GC Heap History (10 events):
Event: 59.687 GC heap before
{Heap before GC invocations=36 (full 0):
 PSYoungGen      total 58880K, used 57055K [0x00000000eb200000, 0x00000000f0100000, 0x0000000100000000)
  eden space 50688K, 100% used [0x00000000eb200000,0x00000000ee380000,0x00000000ee380000)
  from space 8192K, 77% used [0x00000000ee380000,0x00000000ee9b7ca0,0x00000000eeb80000)
  to   space 8704K, 0% used [0x00000000ef880000,0x00000000ef880000,0x00000000f0100000)
 ParOldGen       total 64000K, used 31835K [0x00000000c1600000, 0x00000000c5480000, 0x00000000eb200000)
  object space 64000K, 49% used [0x00000000c1600000,0x00000000c3516c48,0x00000000c5480000)
 Metaspace       used 58442K, capacity 59168K, committed 59264K, reserved 1097728K
  class space    used 11387K, capacity 11610K, committed 11648K, reserved 1048576K
Event: 59.699 GC heap after
Heap after GC invocations=36 (full 0):
 PSYoungGen      total 71168K, used 2855K [0x00000000eb200000, 0x00000000f0000000, 0x0000000100000000)
  eden space 63488K, 0% used [0x00000000eb200000,0x00000000eb200000,0x00000000ef000000)
  from space 7680K, 37% used [0x00000000ef880000,0x00000000efb49ff8,0x00000000f0000000)
  to   space 8192K, 0% used [0x00000000ef000000,0x00000000ef000000,0x00000000ef800000)
 ParOldGen       total 64000K, used 36841K [0x00000000c1600000, 0x00000000c5480000, 0x00000000eb200000)
  object space 64000K, 57% used [0x00000000c1600000,0x00000000c39fa590,0x00000000c5480000)
 Metaspace       used 58442K, capacity 59168K, committed 59264K, reserved 1097728K
  class space    used 11387K, capacity 11610K, committed 11648K, reserved 1048576K
}
Event: 75.391 GC heap before
{Heap before GC invocations=37 (full 0):
 PSYoungGen      total 71168K, used 40833K [0x00000000eb200000, 0x00000000f0000000, 0x0000000100000000)
  eden space 63488K, 59% used [0x00000000eb200000,0x00000000ed716520,0x00000000ef000000)
  from space 7680K, 37% used [0x00000000ef880000,0x00000000efb49ff8,0x00000000f0000000)
  to   space 8192K, 0% used [0x00000000ef000000,0x00000000ef000000,0x00000000ef800000)
 ParOldGen       total 64000K, used 36841K [0x00000000c1600000, 0x00000000c5480000, 0x00000000eb200000)
  object space 64000K, 57% used [0x00000000c1600000,0x00000000c39fa590,0x00000000c5480000)
 Metaspace       used 64714K, capacity 65470K, committed 65536K, reserved 1101824K
  class space    used 12190K, capacity 12386K, committed 12416K, reserved 1048576K
Event: 75.401 GC heap after
Heap after GC invocations=37 (full 0):
 PSYoungGen      total 66560K, used 6004K [0x00000000eb200000, 0x00000000efe00000, 0x0000000100000000)
  eden space 60416K, 0% used [0x00000000eb200000,0x00000000eb200000,0x00000000eed00000)
  from space 6144K, 97% used [0x00000000ef000000,0x00000000ef5dd358,0x00000000ef600000)
  to   space 8192K, 0% used [0x00000000ef600000,0x00000000ef600000,0x00000000efe00000)
 ParOldGen       total 64000K, used 37333K [0x00000000c1600000, 0x00000000c5480000, 0x00000000eb200000)
  object space 64000K, 58% used [0x00000000c1600000,0x00000000c3a755a0,0x00000000c5480000)
 Metaspace       used 64714K, capacity 65470K, committed 65536K, reserved 1101824K
  class space    used 12190K, capacity 12386K, committed 12416K, reserved 1048576K
}
Event: 75.401 GC heap before
{Heap before GC invocations=38 (full 1):
 PSYoungGen      total 66560K, used 6004K [0x00000000eb200000, 0x00000000efe00000, 0x0000000100000000)
  eden space 60416K, 0% used [0x00000000eb200000,0x00000000eb200000,0x00000000eed00000)
  from space 6144K, 97% used [0x00000000ef000000,0x00000000ef5dd358,0x00000000ef600000)
  to   space 8192K, 0% used [0x00000000ef600000,0x00000000ef600000,0x00000000efe00000)
 ParOldGen       total 64000K, used 37333K [0x00000000c1600000, 0x00000000c5480000, 0x00000000eb200000)
  object space 64000K, 58% used [0x00000000c1600000,0x00000000c3a755a0,0x00000000c5480000)
 Metaspace       used 64714K, capacity 65470K, committed 65536K, reserved 1101824K
  class space    used 12190K, capacity 12386K, committed 12416K, reserved 1048576K
Event: 75.645 GC heap after
Heap after GC invocations=38 (full 1):
 PSYoungGen      total 66560K, used 0K [0x00000000eb200000, 0x00000000efe00000, 0x0000000100000000)
  eden space 60416K, 0% used [0x00000000eb200000,0x00000000eb200000,0x00000000eed00000)
  from space 6144K, 0% used [0x00000000ef000000,0x00000000ef000000,0x00000000ef600000)
  to   space 8192K, 0% used [0x00000000ef600000,0x00000000ef600000,0x00000000efe00000)
 ParOldGen       total 38912K, used 32519K [0x00000000c1600000, 0x00000000c3c00000, 0x00000000eb200000)
  object space 38912K, 83% used [0x00000000c1600000,0x00000000c35c1f30,0x00000000c3c00000)
 Metaspace       used 64677K, capacity 65394K, committed 65536K, reserved 1101824K
  class space    used 12181K, capacity 12362K, committed 12416K, reserved 1048576K
}
Event: 283.671 GC heap before
{Heap before GC invocations=39 (full 1):
 PSYoungGen      total 66560K, used 60416K [0x00000000eb200000, 0x00000000efe00000, 0x0000000100000000)
  eden space 60416K, 100% used [0x00000000eb200000,0x00000000eed00000,0x00000000eed00000)
  from space 6144K, 0% used [0x00000000ef000000,0x00000000ef000000,0x00000000ef600000)
  to   space 8192K, 0% used [0x00000000ef600000,0x00000000ef600000,0x00000000efe00000)
 ParOldGen       total 38912K, used 32519K [0x00000000c1600000, 0x00000000c3c00000, 0x00000000eb200000)
  object space 38912K, 83% used [0x00000000c1600000,0x00000000c35c1f30,0x00000000c3c00000)
 Metaspace       used 74415K, capacity 75196K, committed 75392K, reserved 1110016K
  class space    used 13614K, capacity 13881K, committed 13952K, reserved 1048576K
Event: 283.690 GC heap after
Heap after GC invocations=39 (full 1):
 PSYoungGen      total 67072K, used 8166K [0x00000000eb200000, 0x00000000f0c80000, 0x0000000100000000)
  eden space 58880K, 0% used [0x00000000eb200000,0x00000000eb200000,0x00000000eeb80000)
  from space 8192K, 99% used [0x00000000ef600000,0x00000000efdf9b60,0x00000000efe00000)
  to   space 10752K, 0% used [0x00000000eeb80000,0x00000000eeb80000,0x00000000ef600000)
 ParOldGen       total 38912K, used 34325K [0x00000000c1600000, 0x00000000c3c00000, 0x00000000eb200000)
  object space 38912K, 88% used [0x00000000c1600000,0x00000000c3785520,0x00000000c3c00000)
 Metaspace       used 74415K, capacity 75196K, committed 75392K, reserved 1110016K
  class space    used 13614K, capacity 13881K, committed 13952K, reserved 1048576K
}
Event: 283.690 GC heap before
{Heap before GC invocations=40 (full 2):
 PSYoungGen      total 67072K, used 8166K [0x00000000eb200000, 0x00000000f0c80000, 0x0000000100000000)
  eden space 58880K, 0% used [0x00000000eb200000,0x00000000eb200000,0x00000000eeb80000)
  from space 8192K, 99% used [0x00000000ef600000,0x00000000efdf9b60,0x00000000efe00000)
  to   space 10752K, 0% used [0x00000000eeb80000,0x00000000eeb80000,0x00000000ef600000)
 ParOldGen       total 38912K, used 34325K [0x00000000c1600000, 0x00000000c3c00000, 0x00000000eb200000)
  object space 38912K, 88% used [0x00000000c1600000,0x00000000c3785520,0x00000000c3c00000)
 Metaspace       used 74415K, capacity 75196K, committed 75392K, reserved 1110016K
  class space    used 13614K, capacity 13881K, committed 13952K, reserved 1048576K
Event: 283.825 GC heap after
Heap after GC invocations=40 (full 2):
 PSYoungGen      total 67072K, used 0K [0x00000000eb200000, 0x00000000f0c80000, 0x0000000100000000)
  eden space 58880K, 0% used [0x00000000eb200000,0x00000000eb200000,0x00000000eeb80000)
  from space 8192K, 0% used [0x00000000ef600000,0x00000000ef600000,0x00000000efe00000)
  to   space 10752K, 0% used [0x00000000eeb80000,0x00000000eeb80000,0x00000000ef600000)
 ParOldGen       total 44032K, used 37673K [0x00000000c1600000, 0x00000000c4100000, 0x00000000eb200000)
  object space 44032K, 85% used [0x00000000c1600000,0x00000000c3aca6d0,0x00000000c4100000)
 Metaspace       used 74415K, capacity 75196K, committed 75392K, reserved 1110016K
  class space    used 13614K, capacity 13881K, committed 13952K, reserved 1048576K
}

