# JRE version: Java(TM) SE Runtime Environment (8.0_05-b13) (build 1.8.0_05-b13)
# Java VM: Java HotSpot(TM) 64-Bit Server VM (25.5-b02 mixed mode windows-amd64 compressed oops)
Heap:
 PSYoungGen      total 92672K, used 66284K [0x00000000eb200000, 0x00000000f3700000, 0x0000000100000000)
  eden space 58880K, 61% used [0x00000000eb200000,0x00000000ed56cdd0,0x00000000eeb80000)
  from space 33792K, 88% used [0x00000000eeb80000,0x00000000f08ce5b0,0x00000000f0c80000)
  to   space 37888K, 0% used [0x00000000f1200000,0x00000000f1200000,0x00000000f3700000)
 ParOldGen       total 76288K, used 62271K [0x00000000c1600000, 0x00000000c6080000, 0x00000000eb200000)
  object space 76288K, 81% used [0x00000000c1600000,0x00000000c52cfec0,0x00000000c6080000)
 Metaspace       used 107857K, capacity 108894K, committed 109312K, reserved 1140736K
  class space    used 18629K, capacity 18928K, committed 18944K, reserved 1048576K
GC Heap History (10 events):
Event: 73.009 GC heap before
{Heap before GC invocations=38 (full 3):
 PSYoungGen      total 83968K, used 73539K [0x00000000eb200000, 0x00000000f1c00000, 0x0000000100000000)
  eden space 60928K, 100% used [0x00000000eb200000,0x00000000eed80000,0x00000000eed80000)
  from space 23040K, 54% used [0x00000000f0480000,0x00000000f10d0e80,0x00000000f1b00000)
  to   space 23552K, 0% used [0x00000000eed80000,0x00000000eed80000,0x00000000f0480000)
 ParOldGen       total 76288K, used 62231K [0x00000000c1600000, 0x00000000c6080000, 0x00000000eb200000)
  object space 76288K, 81% used [0x00000000c1600000,0x00000000c52c5ec0,0x00000000c6080000)
 Metaspace       used 83450K, capacity 84128K, committed 84480K, reserved 1118208K
  class space    used 15088K, capacity 15296K, committed 15360K, reserved 1048576K
Event: 73.036 GC heap after
Heap after GC invocations=38 (full 3):
 PSYoungGen      total 84480K, used 17101K [0x00000000eb200000, 0x00000000f2080000, 0x0000000100000000)
  eden space 60928K, 0% used [0x00000000eb200000,0x00000000eb200000,0x00000000eed80000)
  from space 23552K, 72% used [0x00000000eed80000,0x00000000efe33768,0x00000000f0480000)
  to   space 25088K, 0% used [0x00000000f0800000,0x00000000f0800000,0x00000000f2080000)
 ParOldGen       total 76288K, used 62239K [0x00000000c1600000, 0x00000000c6080000, 0x00000000eb200000)
  object space 76288K, 81% used [0x00000000c1600000,0x00000000c52c7ec0,0x00000000c6080000)
 Metaspace       used 83450K, capacity 84128K, committed 84480K, reserved 1118208K
  class space    used 15088K, capacity 15296K, committed 15360K, reserved 1048576K
}
Event: 80.165 GC heap before
{Heap before GC invocations=39 (full 3):
 PSYoungGen      total 84480K, used 78029K [0x00000000eb200000, 0x00000000f2080000, 0x0000000100000000)
  eden space 60928K, 100% used [0x00000000eb200000,0x00000000eed80000,0x00000000eed80000)
  from space 23552K, 72% used [0x00000000eed80000,0x00000000efe33768,0x00000000f0480000)
  to   space 25088K, 0% used [0x00000000f0800000,0x00000000f0800000,0x00000000f2080000)
 ParOldGen       total 76288K, used 62239K [0x00000000c1600000, 0x00000000c6080000, 0x00000000eb200000)
  object space 76288K, 81% used [0x00000000c1600000,0x00000000c52c7ec0,0x00000000c6080000)
 Metaspace       used 86882K, capacity 87648K, committed 88064K, reserved 1122304K
  class space    used 15508K, capacity 15744K, committed 15872K, reserved 1048576K
Event: 80.217 GC heap after
Heap after GC invocations=39 (full 3):
 PSYoungGen      total 85504K, used 21020K [0x00000000eb200000, 0x00000000f2580000, 0x0000000100000000)
  eden space 60416K, 0% used [0x00000000eb200000,0x00000000eb200000,0x00000000eed00000)
  from space 25088K, 83% used [0x00000000f0800000,0x00000000f1c872e8,0x00000000f2080000)
  to   space 27648K, 0% used [0x00000000eed00000,0x00000000eed00000,0x00000000f0800000)
 ParOldGen       total 76288K, used 62247K [0x00000000c1600000, 0x00000000c6080000, 0x00000000eb200000)
  object space 76288K, 81% used [0x00000000c1600000,0x00000000c52c9ec0,0x00000000c6080000)
 Metaspace       used 86882K, capacity 87648K, committed 88064K, reserved 1122304K
  class space    used 15508K, capacity 15744K, committed 15872K, reserved 1048576K
}
Event: 90.492 GC heap before
{Heap before GC invocations=40 (full 3):
 PSYoungGen      total 85504K, used 81436K [0x00000000eb200000, 0x00000000f2580000, 0x0000000100000000)
  eden space 60416K, 100% used [0x00000000eb200000,0x00000000eed00000,0x00000000eed00000)
  from space 25088K, 83% used [0x00000000f0800000,0x00000000f1c872e8,0x00000000f2080000)
  to   space 27648K, 0% used [0x00000000eed00000,0x00000000eed00000,0x00000000f0800000)
 ParOldGen       total 76288K, used 62247K [0x00000000c1600000, 0x00000000c6080000, 0x00000000eb200000)
  object space 76288K, 81% used [0x00000000c1600000,0x00000000c52c9ec0,0x00000000c6080000)
 Metaspace       used 89766K, capacity 90672K, committed 91136K, reserved 1124352K
  class space    used 16038K, capacity 16368K, committed 16384K, reserved 1048576K
Event: 90.529 GC heap after
Heap after GC invocations=40 (full 3):
 PSYoungGen      total 88064K, used 23817K [0x00000000eb200000, 0x00000000f2a80000, 0x0000000100000000)
  eden space 60416K, 0% used [0x00000000eb200000,0x00000000eb200000,0x00000000eed00000)
  from space 27648K, 86% used [0x00000000eed00000,0x00000000f04425c8,0x00000000f0800000)
  to   space 30720K, 0% used [0x00000000f0c80000,0x00000000f0c80000,0x00000000f2a80000)
 ParOldGen       total 76288K, used 62255K [0x00000000c1600000, 0x00000000c6080000, 0x00000000eb200000)
  object space 76288K, 81% used [0x00000000c1600000,0x00000000c52cbec0,0x00000000c6080000)
 Metaspace       used 89766K, capacity 90672K, committed 91136K, reserved 1124352K
  class space    used 16038K, capacity 16368K, committed 16384K, reserved 1048576K
}
Event: 94.944 GC heap before
{Heap before GC invocations=41 (full 3):
 PSYoungGen      total 88064K, used 84233K [0x00000000eb200000, 0x00000000f2a80000, 0x0000000100000000)
  eden space 60416K, 100% used [0x00000000eb200000,0x00000000eed00000,0x00000000eed00000)
  from space 27648K, 86% used [0x00000000eed00000,0x00000000f04425c8,0x00000000f0800000)
  to   space 30720K, 0% used [0x00000000f0c80000,0x00000000f0c80000,0x00000000f2a80000)
 ParOldGen       total 76288K, used 62255K [0x00000000c1600000, 0x00000000c6080000, 0x00000000eb200000)
  object space 76288K, 81% used [0x00000000c1600000,0x00000000c52cbec0,0x00000000c6080000)
 Metaspace       used 92316K, capacity 93182K, committed 93568K, reserved 1126400K
  class space    used 16494K, capacity 16757K, committed 16768K, reserved 1048576K
Event: 94.980 GC heap after
Heap after GC invocations=41 (full 3):
 PSYoungGen      total 89600K, used 24352K [0x00000000eb200000, 0x00000000f3100000, 0x0000000100000000)
  eden space 58880K, 0% used [0x00000000eb200000,0x00000000eb200000,0x00000000eeb80000)
  from space 30720K, 79% used [0x00000000f0c80000,0x00000000f2448180,0x00000000f2a80000)
  to   space 33792K, 0% used [0x00000000eeb80000,0x00000000eeb80000,0x00000000f0c80000)
 ParOldGen       total 76288K, used 62263K [0x00000000c1600000, 0x00000000c6080000, 0x00000000eb200000)
  object space 76288K, 81% used [0x00000000c1600000,0x00000000c52cdec0,0x00000000c6080000)
 Metaspace       used 92316K, capacity 93182K, committed 93568K, reserved 1126400K
  class space    used 16494K, capacity 16757K, committed 16768K, reserved 1048576K
}
Event: 111.230 GC heap before
{Heap before GC invocations=42 (full 3):
 PSYoungGen      total 89600K, used 83232K [0x00000000eb200000, 0x00000000f3100000, 0x0000000100000000)
  eden space 58880K, 100% used [0x00000000eb200000,0x00000000eeb80000,0x00000000eeb80000)
  from space 30720K, 79% used [0x00000000f0c80000,0x00000000f2448180,0x00000000f2a80000)
  to   space 33792K, 0% used [0x00000000eeb80000,0x00000000eeb80000,0x00000000f0c80000)
 ParOldGen       total 76288K, used 62263K [0x00000000c1600000, 0x00000000c6080000, 0x00000000eb200000)
  object space 76288K, 81% used [0x00000000c1600000,0x00000000c52cdec0,0x00000000c6080000)
 Metaspace       used 103052K, capacity 103976K, committed 104320K, reserved 1134592K
  class space    used 17899K, capacity 18177K, committed 18304K, reserved 1048576K
Event: 111.280 GC heap after
Heap after GC invocations=42 (full 3):
 PSYoungGen      total 92672K, used 30009K [0x00000000eb200000, 0x00000000f3700000, 0x0000000100000000)
  eden space 58880K, 0% used [0x00000000eb200000,0x00000000eb200000,0x00000000eeb80000)
  from space 33792K, 88% used [0x00000000eeb80000,0x00000000f08ce5b0,0x00000000f0c80000)
  to   space 37888K, 0% used [0x00000000f1200000,0x00000000f1200000,0x00000000f3700000)
 ParOldGen       total 76288K, used 62271K [0x00000000c1600000, 0x00000000c6080000, 0x00000000eb200000)
  object space 76288K, 81% used [0x00000000c1600000,0x00000000c52cfec0,0x00000000c6080000)
 Metaspace       used 103052K, capacity 103976K, committed 104320K, reserved 1134592K
  class space    used 17899K, capacity 18177K, committed 18304K, reserved 1048576K
}

