# JRE version: Java(TM) SE Runtime Environment (8.0_05-b13) (build 1.8.0_05-b13)
# Java VM: Java HotSpot(TM) 64-Bit Server VM (25.5-b02 mixed mode windows-amd64 compressed oops)
Heap:
 PSYoungGen      total 143360K, used 48089K [0x00000000eb200000, 0x00000000f6280000, 0x0000000100000000)
  eden space 108544K, 41% used [0x00000000eb200000,0x00000000eddcecd8,0x00000000f1c00000)
  from space 34816K, 9% used [0x00000000f1c00000,0x00000000f1f27868,0x00000000f3e00000)
  to   space 34304K, 0% used [0x00000000f4100000,0x00000000f4100000,0x00000000f6280000)
 ParOldGen       total 86016K, used 62289K [0x00000000c1600000, 0x00000000c6a00000, 0x00000000eb200000)
  object space 86016K, 72% used [0x00000000c1600000,0x00000000c52d4568,0x00000000c6a00000)
 Metaspace       used 113793K, capacity 114816K, committed 115072K, reserved 1144832K
  class space    used 19728K, capacity 20061K, committed 20096K, reserved 1048576K
GC Heap History (10 events):
Event: 853.111 GC heap before
{Heap before GC invocations=43 (full 4):
 PSYoungGen      total 119808K, used 116903K [0x00000000eb200000, 0x00000000f4900000, 0x0000000100000000)
  eden space 104448K, 100% used [0x00000000eb200000,0x00000000f1800000,0x00000000f1800000)
  from space 15360K, 81% used [0x00000000f3200000,0x00000000f3e29de0,0x00000000f4100000)
  to   space 25088K, 0% used [0x00000000f1800000,0x00000000f1800000,0x00000000f3080000)
 ParOldGen       total 74752K, used 61401K [0x00000000c1600000, 0x00000000c5f00000, 0x00000000eb200000)
  object space 74752K, 82% used [0x00000000c1600000,0x00000000c51f64c8,0x00000000c5f00000)
 Metaspace       used 105530K, capacity 106418K, committed 106624K, reserved 1136640K
  class space    used 18480K, capacity 18770K, committed 18816K, reserved 1048576K
Event: 853.191 GC heap after
Heap after GC invocations=43 (full 4):
 PSYoungGen      total 129536K, used 25085K [0x00000000eb200000, 0x00000000f6a00000, 0x0000000100000000)
  eden space 104448K, 0% used [0x00000000eb200000,0x00000000eb200000,0x00000000f1800000)
  from space 25088K, 99% used [0x00000000f1800000,0x00000000f307f4b0,0x00000000f3080000)
  to   space 36864K, 0% used [0x00000000f4600000,0x00000000f4600000,0x00000000f6a00000)
 ParOldGen       total 81920K, used 81474K [0x00000000c1600000, 0x00000000c6600000, 0x00000000eb200000)
  object space 81920K, 99% used [0x00000000c1600000,0x00000000c6590820,0x00000000c6600000)
 Metaspace       used 105530K, capacity 106418K, committed 106624K, reserved 1136640K
  class space    used 18480K, capacity 18770K, committed 18816K, reserved 1048576K
}
Event: 853.191 GC heap before
{Heap before GC invocations=44 (full 5):
 PSYoungGen      total 129536K, used 25085K [0x00000000eb200000, 0x00000000f6a00000, 0x0000000100000000)
  eden space 104448K, 0% used [0x00000000eb200000,0x00000000eb200000,0x00000000f1800000)
  from space 25088K, 99% used [0x00000000f1800000,0x00000000f307f4b0,0x00000000f3080000)
  to   space 36864K, 0% used [0x00000000f4600000,0x00000000f4600000,0x00000000f6a00000)
 ParOldGen       total 81920K, used 81474K [0x00000000c1600000, 0x00000000c6600000, 0x00000000eb200000)
  object space 81920K, 99% used [0x00000000c1600000,0x00000000c6590820,0x00000000c6600000)
 Metaspace       used 105530K, capacity 106418K, committed 106624K, reserved 1136640K
  class space    used 18480K, capacity 18770K, committed 18816K, reserved 1048576K
Event: 853.901 GC heap after
Heap after GC invocations=44 (full 5):
 PSYoungGen      total 129536K, used 14290K [0x00000000eb200000, 0x00000000f6a00000, 0x0000000100000000)
  eden space 104448K, 0% used [0x00000000eb200000,0x00000000eb200000,0x00000000f1800000)
  from space 25088K, 56% used [0x00000000f1800000,0x00000000f25f4a18,0x00000000f3080000)
  to   space 36864K, 0% used [0x00000000f4600000,0x00000000f4600000,0x00000000f6a00000)
 ParOldGen       total 101888K, used 81756K [0x00000000c1600000, 0x00000000c7980000, 0x00000000eb200000)
  object space 101888K, 80% used [0x00000000c1600000,0x00000000c65d70b0,0x00000000c7980000)
 Metaspace       used 105530K, capacity 106418K, committed 106624K, reserved 1136640K
  class space    used 18480K, capacity 18770K, committed 18816K, reserved 1048576K
}
Event: 863.841 GC heap before
{Heap before GC invocations=45 (full 5):
 PSYoungGen      total 129536K, used 118738K [0x00000000eb200000, 0x00000000f6a00000, 0x0000000100000000)
  eden space 104448K, 100% used [0x00000000eb200000,0x00000000f1800000,0x00000000f1800000)
  from space 25088K, 56% used [0x00000000f1800000,0x00000000f25f4a18,0x00000000f3080000)
  to   space 36864K, 0% used [0x00000000f4600000,0x00000000f4600000,0x00000000f6a00000)
 ParOldGen       total 101888K, used 81756K [0x00000000c1600000, 0x00000000c7980000, 0x00000000eb200000)
  object space 101888K, 80% used [0x00000000c1600000,0x00000000c65d70b0,0x00000000c7980000)
 Metaspace       used 110582K, capacity 111562K, committed 111872K, reserved 1140736K
  class space    used 19346K, capacity 19674K, committed 19712K, reserved 1048576K
Event: 863.897 GC heap after
Heap after GC invocations=45 (full 5):
 PSYoungGen      total 135168K, used 12951K [0x00000000eb200000, 0x00000000f6000000, 0x0000000100000000)
  eden space 108544K, 0% used [0x00000000eb200000,0x00000000eb200000,0x00000000f1c00000)
  from space 26624K, 48% used [0x00000000f4600000,0x00000000f52a5dd8,0x00000000f6000000)
  to   space 34816K, 0% used [0x00000000f1c00000,0x00000000f1c00000,0x00000000f3e00000)
 ParOldGen       total 101888K, used 96118K [0x00000000c1600000, 0x00000000c7980000, 0x00000000eb200000)
  object space 101888K, 94% used [0x00000000c1600000,0x00000000c73ddb90,0x00000000c7980000)
 Metaspace       used 110582K, capacity 111562K, committed 111872K, reserved 1140736K
  class space    used 19346K, capacity 19674K, committed 19712K, reserved 1048576K
}
Event: 863.897 GC heap before
{Heap before GC invocations=46 (full 6):
 PSYoungGen      total 135168K, used 12951K [0x00000000eb200000, 0x00000000f6000000, 0x0000000100000000)
  eden space 108544K, 0% used [0x00000000eb200000,0x00000000eb200000,0x00000000f1c00000)
  from space 26624K, 48% used [0x00000000f4600000,0x00000000f52a5dd8,0x00000000f6000000)
  to   space 34816K, 0% used [0x00000000f1c00000,0x00000000f1c00000,0x00000000f3e00000)
 ParOldGen       total 101888K, used 96118K [0x00000000c1600000, 0x00000000c7980000, 0x00000000eb200000)
  object space 101888K, 94% used [0x00000000c1600000,0x00000000c73ddb90,0x00000000c7980000)
 Metaspace       used 110582K, capacity 111562K, committed 111872K, reserved 1140736K
  class space    used 19346K, capacity 19674K, committed 19712K, reserved 1048576K
Event: 864.165 GC heap after
Heap after GC invocations=46 (full 6):
 PSYoungGen      total 135168K, used 0K [0x00000000eb200000, 0x00000000f6000000, 0x0000000100000000)
  eden space 108544K, 0% used [0x00000000eb200000,0x00000000eb200000,0x00000000f1c00000)
  from space 26624K, 0% used [0x00000000f4600000,0x00000000f4600000,0x00000000f6000000)
  to   space 34816K, 0% used [0x00000000f1c00000,0x00000000f1c00000,0x00000000f3e00000)
 ParOldGen       total 86016K, used 62281K [0x00000000c1600000, 0x00000000c6a00000, 0x00000000eb200000)
  object space 86016K, 72% used [0x00000000c1600000,0x00000000c52d2568,0x00000000c6a00000)
 Metaspace       used 109853K, capacity 110682K, committed 111872K, reserved 1140736K
  class space    used 19135K, capacity 19406K, committed 19712K, reserved 1048576K
}
Event: 1229.574 GC heap before
{Heap before GC invocations=47 (full 6):
 PSYoungGen      total 135168K, used 108544K [0x00000000eb200000, 0x00000000f6000000, 0x0000000100000000)
  eden space 108544K, 100% used [0x00000000eb200000,0x00000000f1c00000,0x00000000f1c00000)
  from space 26624K, 0% used [0x00000000f4600000,0x00000000f4600000,0x00000000f6000000)
  to   space 34816K, 0% used [0x00000000f1c00000,0x00000000f1c00000,0x00000000f3e00000)
 ParOldGen       total 86016K, used 62281K [0x00000000c1600000, 0x00000000c6a00000, 0x00000000eb200000)
  object space 86016K, 72% used [0x00000000c1600000,0x00000000c52d2568,0x00000000c6a00000)
 Metaspace       used 111920K, capacity 112854K, committed 113280K, reserved 1142784K
  class space    used 19409K, capacity 19720K, committed 19840K, reserved 1048576K
Event: 1229.585 GC heap after
Heap after GC invocations=47 (full 6):
 PSYoungGen      total 143360K, used 3230K [0x00000000eb200000, 0x00000000f6280000, 0x0000000100000000)
  eden space 108544K, 0% used [0x00000000eb200000,0x00000000eb200000,0x00000000f1c00000)
  from space 34816K, 9% used [0x00000000f1c00000,0x00000000f1f27868,0x00000000f3e00000)
  to   space 34304K, 0% used [0x00000000f4100000,0x00000000f4100000,0x00000000f6280000)
 ParOldGen       total 86016K, used 62289K [0x00000000c1600000, 0x00000000c6a00000, 0x00000000eb200000)
  object space 86016K, 72% used [0x00000000c1600000,0x00000000c52d4568,0x00000000c6a00000)
 Metaspace       used 111920K, capacity 112854K, committed 113280K, reserved 1142784K
  class space    used 19409K, capacity 19720K, committed 19840K, reserved 1048576K
}

