# JRE version: Java(TM) SE Runtime Environment (8.0_05-b13) (build 1.8.0_05-b13)
# Java VM: Java HotSpot(TM) 64-Bit Server VM (25.5-b02 mixed mode windows-amd64 compressed oops)
Heap:
 PSYoungGen      total 87552K, used 62229K [0x00000000eb200000, 0x00000000f1e00000, 0x0000000100000000)
  eden space 64512K, 85% used [0x00000000eb200000,0x00000000ee8287a0,0x00000000ef100000)
  from space 23040K, 29% used [0x00000000ef100000,0x00000000ef79cf88,0x00000000f0780000)
  to   space 22016K, 0% used [0x00000000f0880000,0x00000000f0880000,0x00000000f1e00000)
 ParOldGen       total 77312K, used 55114K [0x00000000c1600000, 0x00000000c6180000, 0x00000000eb200000)
  object space 77312K, 71% used [0x00000000c1600000,0x00000000c4bd28a0,0x00000000c6180000)
 Metaspace       used 106993K, capacity 107654K, committed 108160K, reserved 1138688K
  class space    used 18813K, capacity 18998K, committed 19072K, reserved 1048576K
GC Heap History (10 events):
Event: 1022.305 GC heap before
{Heap before GC invocations=77 (full 3):
 PSYoungGen      total 80896K, used 80881K [0x00000000eb200000, 0x00000000f2200000, 0x0000000100000000)
  eden space 58880K, 100% used [0x00000000eb200000,0x00000000eeb80000,0x00000000eeb80000)
  from space 22016K, 99% used [0x00000000eeb80000,0x00000000f00fc708,0x00000000f0100000)
  to   space 26112K, 0% used [0x00000000f0880000,0x00000000f0880000,0x00000000f2200000)
 ParOldGen       total 86016K, used 71095K [0x00000000c1600000, 0x00000000c6a00000, 0x00000000eb200000)
  object space 86016K, 82% used [0x00000000c1600000,0x00000000c5b6dcc8,0x00000000c6a00000)
 Metaspace       used 90940K, capacity 91742K, committed 92160K, reserved 1124352K
  class space    used 16559K, capacity 16813K, committed 16896K, reserved 1048576K
Event: 1022.345 GC heap after
Heap after GC invocations=77 (full 3):
 PSYoungGen      total 85504K, used 6606K [0x00000000eb200000, 0x00000000f1f80000, 0x0000000100000000)
  eden space 61952K, 0% used [0x00000000eb200000,0x00000000eb200000,0x00000000eee80000)
  from space 23552K, 28% used [0x00000000f0880000,0x00000000f0ef3a28,0x00000000f1f80000)
  to   space 25088K, 0% used [0x00000000eee80000,0x00000000eee80000,0x00000000f0700000)
 ParOldGen       total 89600K, used 89009K [0x00000000c1600000, 0x00000000c6d80000, 0x00000000eb200000)
  object space 89600K, 99% used [0x00000000c1600000,0x00000000c6cec718,0x00000000c6d80000)
 Metaspace       used 90940K, capacity 91742K, committed 92160K, reserved 1124352K
  class space    used 16559K, capacity 16813K, committed 16896K, reserved 1048576K
}
Event: 1022.345 GC heap before
{Heap before GC invocations=78 (full 4):
 PSYoungGen      total 85504K, used 6606K [0x00000000eb200000, 0x00000000f1f80000, 0x0000000100000000)
  eden space 61952K, 0% used [0x00000000eb200000,0x00000000eb200000,0x00000000eee80000)
  from space 23552K, 28% used [0x00000000f0880000,0x00000000f0ef3a28,0x00000000f1f80000)
  to   space 25088K, 0% used [0x00000000eee80000,0x00000000eee80000,0x00000000f0700000)
 ParOldGen       total 89600K, used 89009K [0x00000000c1600000, 0x00000000c6d80000, 0x00000000eb200000)
  object space 89600K, 99% used [0x00000000c1600000,0x00000000c6cec718,0x00000000c6d80000)
 Metaspace       used 90940K, capacity 91742K, committed 92160K, reserved 1124352K
  class space    used 16559K, capacity 16813K, committed 16896K, reserved 1048576K
Event: 1022.571 GC heap after
Heap after GC invocations=78 (full 4):
 PSYoungGen      total 85504K, used 0K [0x00000000eb200000, 0x00000000f1f80000, 0x0000000100000000)
  eden space 61952K, 0% used [0x00000000eb200000,0x00000000eb200000,0x00000000eee80000)
  from space 23552K, 0% used [0x00000000f0880000,0x00000000f0880000,0x00000000f1f80000)
  to   space 25088K, 0% used [0x00000000eee80000,0x00000000eee80000,0x00000000f0700000)
 ParOldGen       total 77312K, used 55090K [0x00000000c1600000, 0x00000000c6180000, 0x00000000eb200000)
  object space 77312K, 71% used [0x00000000c1600000,0x00000000c4bcc8a0,0x00000000c6180000)
 Metaspace       used 90232K, capacity 90958K, committed 92160K, reserved 1124352K
  class space    used 16352K, capacity 16577K, committed 16896K, reserved 1048576K
}
Event: 1049.592 GC heap before
{Heap before GC invocations=79 (full 4):
 PSYoungGen      total 85504K, used 61952K [0x00000000eb200000, 0x00000000f1f80000, 0x0000000100000000)
  eden space 61952K, 100% used [0x00000000eb200000,0x00000000eee80000,0x00000000eee80000)
  from space 23552K, 0% used [0x00000000f0880000,0x00000000f0880000,0x00000000f1f80000)
  to   space 25088K, 0% used [0x00000000eee80000,0x00000000eee80000,0x00000000f0700000)
 ParOldGen       total 77312K, used 55090K [0x00000000c1600000, 0x00000000c6180000, 0x00000000eb200000)
  object space 77312K, 71% used [0x00000000c1600000,0x00000000c4bcc8a0,0x00000000c6180000)
 Metaspace       used 97902K, capacity 98572K, committed 99072K, reserved 1130496K
  class space    used 17374K, capacity 17577K, committed 17664K, reserved 1048576K
Event: 1049.601 GC heap after
Heap after GC invocations=79 (full 4):
 PSYoungGen      total 87040K, used 8360K [0x00000000eb200000, 0x00000000f1f80000, 0x0000000100000000)
  eden space 61952K, 0% used [0x00000000eb200000,0x00000000eb200000,0x00000000eee80000)
  from space 25088K, 33% used [0x00000000eee80000,0x00000000ef6aa130,0x00000000f0700000)
  to   space 23552K, 0% used [0x00000000f0880000,0x00000000f0880000,0x00000000f1f80000)
 ParOldGen       total 77312K, used 55098K [0x00000000c1600000, 0x00000000c6180000, 0x00000000eb200000)
  object space 77312K, 71% used [0x00000000c1600000,0x00000000c4bce8a0,0x00000000c6180000)
 Metaspace       used 97902K, capacity 98572K, committed 99072K, reserved 1130496K
  class space    used 17374K, capacity 17577K, committed 17664K, reserved 1048576K
}
Event: 1159.425 GC heap before
{Heap before GC invocations=80 (full 4):
 PSYoungGen      total 87040K, used 70312K [0x00000000eb200000, 0x00000000f1f80000, 0x0000000100000000)
  eden space 61952K, 100% used [0x00000000eb200000,0x00000000eee80000,0x00000000eee80000)
  from space 25088K, 33% used [0x00000000eee80000,0x00000000ef6aa130,0x00000000f0700000)
  to   space 23552K, 0% used [0x00000000f0880000,0x00000000f0880000,0x00000000f1f80000)
 ParOldGen       total 77312K, used 55098K [0x00000000c1600000, 0x00000000c6180000, 0x00000000eb200000)
  object space 77312K, 71% used [0x00000000c1600000,0x00000000c4bce8a0,0x00000000c6180000)
 Metaspace       used 105290K, capacity 106070K, committed 106368K, reserved 1136640K
  class space    used 18534K, capacity 18734K, committed 18816K, reserved 1048576K
Event: 1159.450 GC heap after
Heap after GC invocations=80 (full 4):
 PSYoungGen      total 86528K, used 11428K [0x00000000eb200000, 0x00000000f1e00000, 0x0000000100000000)
  eden space 64512K, 0% used [0x00000000eb200000,0x00000000eb200000,0x00000000ef100000)
  from space 22016K, 51% used [0x00000000f0880000,0x00000000f13a92b8,0x00000000f1e00000)
  to   space 23040K, 0% used [0x00000000ef100000,0x00000000ef100000,0x00000000f0780000)
 ParOldGen       total 77312K, used 55106K [0x00000000c1600000, 0x00000000c6180000, 0x00000000eb200000)
  object space 77312K, 71% used [0x00000000c1600000,0x00000000c4bd08a0,0x00000000c6180000)
 Metaspace       used 105290K, capacity 106070K, committed 106368K, reserved 1136640K
  class space    used 18534K, capacity 18734K, committed 18816K, reserved 1048576K
}
Event: 1204.542 GC heap before
{Heap before GC invocations=81 (full 4):
 PSYoungGen      total 86528K, used 75940K [0x00000000eb200000, 0x00000000f1e00000, 0x0000000100000000)
  eden space 64512K, 100% used [0x00000000eb200000,0x00000000ef100000,0x00000000ef100000)
  from space 22016K, 51% used [0x00000000f0880000,0x00000000f13a92b8,0x00000000f1e00000)
  to   space 23040K, 0% used [0x00000000ef100000,0x00000000ef100000,0x00000000f0780000)
 ParOldGen       total 77312K, used 55106K [0x00000000c1600000, 0x00000000c6180000, 0x00000000eb200000)
  object space 77312K, 71% used [0x00000000c1600000,0x00000000c4bd08a0,0x00000000c6180000)
 Metaspace       used 106210K, capacity 106812K, committed 107264K, reserved 1138688K
  class space    used 18715K, capacity 18895K, committed 18944K, reserved 1048576K
Event: 1204.553 GC heap after
Heap after GC invocations=81 (full 4):
 PSYoungGen      total 87552K, used 6771K [0x00000000eb200000, 0x00000000f1e00000, 0x0000000100000000)
  eden space 64512K, 0% used [0x00000000eb200000,0x00000000eb200000,0x00000000ef100000)
  from space 23040K, 29% used [0x00000000ef100000,0x00000000ef79cf88,0x00000000f0780000)
  to   space 22016K, 0% used [0x00000000f0880000,0x00000000f0880000,0x00000000f1e00000)
 ParOldGen       total 77312K, used 55114K [0x00000000c1600000, 0x00000000c6180000, 0x00000000eb200000)
  object space 77312K, 71% used [0x00000000c1600000,0x00000000c4bd28a0,0x00000000c6180000)
 Metaspace       used 106210K, capacity 106812K, committed 107264K, reserved 1138688K
  class space    used 18715K, capacity 18895K, committed 18944K, reserved 1048576K
}

