# JRE version: Java(TM) SE Runtime Environment (8.0_05-b13) (build 1.8.0_05-b13)
# Java VM: Java HotSpot(TM) 64-Bit Server VM (25.5-b02 mixed mode windows-amd64 compressed oops)
Heap:
 PSYoungGen      total 163328K, used 4360K [0x00000000eb200000, 0x00000000f7a00000, 0x0000000100000000)
  eden space 126976K, 1% used [0x00000000eb200000,0x00000000eb4422f8,0x00000000f2e00000)
  from space 36352K, 5% used [0x00000000f2e00000,0x00000000f30000a0,0x00000000f5180000)
  to   space 34816K, 0% used [0x00000000f5800000,0x00000000f5800000,0x00000000f7a00000)
 ParOldGen       total 66560K, used 58730K [0x00000000c1600000, 0x00000000c5700000, 0x00000000eb200000)
  object space 66560K, 88% used [0x00000000c1600000,0x00000000c4f5aaf0,0x00000000c5700000)
 Metaspace       used 117884K, capacity 119286K, committed 129280K, reserved 1155072K
  class space    used 19696K, capacity 20152K, committed 23552K, reserved 1048576K
GC Heap History (10 events):
Event: 9726.545 GC heap before
{Heap before GC invocations=130 (full 4):
 PSYoungGen      total 140800K, used 140783K [0x00000000eb200000, 0x00000000f7880000, 0x0000000100000000)
  eden space 107520K, 100% used [0x00000000eb200000,0x00000000f1b00000,0x00000000f1b00000)
  from space 33280K, 99% used [0x00000000f1b00000,0x00000000f3b7bec0,0x00000000f3b80000)
  to   space 41984K, 0% used [0x00000000f4f80000,0x00000000f4f80000,0x00000000f7880000)
 ParOldGen       total 105984K, used 103659K [0x00000000c1600000, 0x00000000c7d80000, 0x00000000eb200000)
  object space 105984K, 97% used [0x00000000c1600000,0x00000000c7b3ad68,0x00000000c7d80000)
 Metaspace       used 126023K, capacity 129104K, committed 129280K, reserved 1155072K
  class space    used 22408K, capacity 23514K, committed 23552K, reserved 1048576K
Event: 9726.560 GC heap after
Heap after GC invocations=130 (full 4):
 PSYoungGen      total 153088K, used 7837K [0x00000000eb200000, 0x00000000f7200000, 0x0000000100000000)
  eden space 117760K, 0% used [0x00000000eb200000,0x00000000eb200000,0x00000000f2500000)
  from space 35328K, 22% used [0x00000000f4f80000,0x00000000f5727428,0x00000000f7200000)
  to   space 39424K, 0% used [0x00000000f2500000,0x00000000f2500000,0x00000000f4b80000)
 ParOldGen       total 105984K, used 103934K [0x00000000c1600000, 0x00000000c7d80000, 0x00000000eb200000)
  object space 105984K, 98% used [0x00000000c1600000,0x00000000c7b7f950,0x00000000c7d80000)
 Metaspace       used 126023K, capacity 129104K, committed 129280K, reserved 1155072K
  class space    used 22408K, capacity 23514K, committed 23552K, reserved 1048576K
}
Event: 9726.560 GC heap before
{Heap before GC invocations=131 (full 5):
 PSYoungGen      total 153088K, used 7837K [0x00000000eb200000, 0x00000000f7200000, 0x0000000100000000)
  eden space 117760K, 0% used [0x00000000eb200000,0x00000000eb200000,0x00000000f2500000)
  from space 35328K, 22% used [0x00000000f4f80000,0x00000000f5727428,0x00000000f7200000)
  to   space 39424K, 0% used [0x00000000f2500000,0x00000000f2500000,0x00000000f4b80000)
 ParOldGen       total 105984K, used 103934K [0x00000000c1600000, 0x00000000c7d80000, 0x00000000eb200000)
  object space 105984K, 98% used [0x00000000c1600000,0x00000000c7b7f950,0x00000000c7d80000)
 Metaspace       used 126023K, capacity 129104K, committed 129280K, reserved 1155072K
  class space    used 22408K, capacity 23514K, committed 23552K, reserved 1048576K
Event: 9735.434 GC heap after
Heap after GC invocations=131 (full 5):
 PSYoungGen      total 153088K, used 0K [0x00000000eb200000, 0x00000000f7200000, 0x0000000100000000)
  eden space 117760K, 0% used [0x00000000eb200000,0x00000000eb200000,0x00000000f2500000)
  from space 35328K, 0% used [0x00000000f4f80000,0x00000000f4f80000,0x00000000f7200000)
  to   space 39424K, 0% used [0x00000000f2500000,0x00000000f2500000,0x00000000f4b80000)
 ParOldGen       total 66560K, used 58722K [0x00000000c1600000, 0x00000000c5700000, 0x00000000eb200000)
  object space 66560K, 88% used [0x00000000c1600000,0x00000000c4f58af0,0x00000000c5700000)
 Metaspace       used 117673K, capacity 119030K, committed 129280K, reserved 1155072K
  class space    used 19683K, capacity 20152K, committed 23552K, reserved 1048576K
}
Event: 9818.876 GC heap before
{Heap before GC invocations=132 (full 5):
 PSYoungGen      total 153088K, used 117760K [0x00000000eb200000, 0x00000000f7200000, 0x0000000100000000)
  eden space 117760K, 100% used [0x00000000eb200000,0x00000000f2500000,0x00000000f2500000)
  from space 35328K, 0% used [0x00000000f4f80000,0x00000000f4f80000,0x00000000f7200000)
  to   space 39424K, 0% used [0x00000000f2500000,0x00000000f2500000,0x00000000f4b80000)
 ParOldGen       total 66560K, used 58722K [0x00000000c1600000, 0x00000000c5700000, 0x00000000eb200000)
  object space 66560K, 88% used [0x00000000c1600000,0x00000000c4f58af0,0x00000000c5700000)
 Metaspace       used 117686K, capacity 119030K, committed 129280K, reserved 1155072K
  class space    used 19683K, capacity 20152K, committed 23552K, reserved 1048576K
Event: 9818.882 GC heap after
Heap after GC invocations=132 (full 5):
 PSYoungGen      total 157184K, used 2226K [0x00000000eb200000, 0x00000000f7980000, 0x0000000100000000)
  eden space 117760K, 0% used [0x00000000eb200000,0x00000000eb200000,0x00000000f2500000)
  from space 39424K, 5% used [0x00000000f2500000,0x00000000f272cbd0,0x00000000f4b80000)
  to   space 37888K, 0% used [0x00000000f5480000,0x00000000f5480000,0x00000000f7980000)
 ParOldGen       total 66560K, used 58722K [0x00000000c1600000, 0x00000000c5700000, 0x00000000eb200000)
  object space 66560K, 88% used [0x00000000c1600000,0x00000000c4f58af0,0x00000000c5700000)
 Metaspace       used 117686K, capacity 119030K, committed 129280K, reserved 1155072K
  class space    used 19683K, capacity 20152K, committed 23552K, reserved 1048576K
}
Event: 9918.342 GC heap before
{Heap before GC invocations=133 (full 5):
 PSYoungGen      total 157184K, used 119986K [0x00000000eb200000, 0x00000000f7980000, 0x0000000100000000)
  eden space 117760K, 99% used [0x00000000eb200000,0x00000000f24ffe78,0x00000000f2500000)
  from space 39424K, 5% used [0x00000000f2500000,0x00000000f272cbd0,0x00000000f4b80000)
  to   space 37888K, 0% used [0x00000000f5480000,0x00000000f5480000,0x00000000f7980000)
 ParOldGen       total 66560K, used 58722K [0x00000000c1600000, 0x00000000c5700000, 0x00000000eb200000)
  object space 66560K, 88% used [0x00000000c1600000,0x00000000c4f58af0,0x00000000c5700000)
 Metaspace       used 117693K, capacity 119030K, committed 129280K, reserved 1155072K
  class space    used 19683K, capacity 20152K, committed 23552K, reserved 1048576K
Event: 9918.352 GC heap after
Heap after GC invocations=133 (full 5):
 PSYoungGen      total 160256K, used 1893K [0x00000000eb200000, 0x00000000f7500000, 0x0000000100000000)
  eden space 126976K, 0% used [0x00000000eb200000,0x00000000eb200000,0x00000000f2e00000)
  from space 33280K, 5% used [0x00000000f5480000,0x00000000f56597d0,0x00000000f7500000)
  to   space 36352K, 0% used [0x00000000f2e00000,0x00000000f2e00000,0x00000000f5180000)
 ParOldGen       total 66560K, used 58722K [0x00000000c1600000, 0x00000000c5700000, 0x00000000eb200000)
  object space 66560K, 88% used [0x00000000c1600000,0x00000000c4f58af0,0x00000000c5700000)
 Metaspace       used 117693K, capacity 119030K, committed 129280K, reserved 1155072K
  class space    used 19683K, capacity 20152K, committed 23552K, reserved 1048576K
}
Event: 11872.139 GC heap before
{Heap before GC invocations=134 (full 5):
 PSYoungGen      total 160256K, used 128869K [0x00000000eb200000, 0x00000000f7500000, 0x0000000100000000)
  eden space 126976K, 100% used [0x00000000eb200000,0x00000000f2e00000,0x00000000f2e00000)
  from space 33280K, 5% used [0x00000000f5480000,0x00000000f56597d0,0x00000000f7500000)
  to   space 36352K, 0% used [0x00000000f2e00000,0x00000000f2e00000,0x00000000f5180000)
 ParOldGen       total 66560K, used 58722K [0x00000000c1600000, 0x00000000c5700000, 0x00000000eb200000)
  object space 66560K, 88% used [0x00000000c1600000,0x00000000c4f58af0,0x00000000c5700000)
 Metaspace       used 117715K, capacity 119094K, committed 129280K, reserved 1155072K
  class space    used 19683K, capacity 20152K, committed 23552K, reserved 1048576K
Event: 11872.155 GC heap after
Heap after GC invocations=134 (full 5):
 PSYoungGen      total 163328K, used 2048K [0x00000000eb200000, 0x00000000f7a00000, 0x0000000100000000)
  eden space 126976K, 0% used [0x00000000eb200000,0x00000000eb200000,0x00000000f2e00000)
  from space 36352K, 5% used [0x00000000f2e00000,0x00000000f30000a0,0x00000000f5180000)
  to   space 34816K, 0% used [0x00000000f5800000,0x00000000f5800000,0x00000000f7a00000)
 ParOldGen       total 66560K, used 58730K [0x00000000c1600000, 0x00000000c5700000, 0x00000000eb200000)
  object space 66560K, 88% used [0x00000000c1600000,0x00000000c4f5aaf0,0x00000000c5700000)
 Metaspace       used 117715K, capacity 119094K, committed 129280K, reserved 1155072K
  class space    used 19683K, capacity 20152K, committed 23552K, reserved 1048576K
}

