# JRE version: Java(TM) SE Runtime Environment (8.0_05-b13) (build 1.8.0_05-b13)
# Java VM: Java HotSpot(TM) 64-Bit Server VM (25.5-b02 mixed mode windows-amd64 compressed oops)
Heap:
 PSYoungGen      total 41472K, used 13430K [0x00000000eb200000, 0x00000000ee580000, 0x0000000100000000)
  eden space 40448K, 31% used [0x00000000eb200000,0x00000000ebe6d838,0x00000000ed980000)
  from space 1024K, 68% used [0x00000000edb00000,0x00000000edbb0080,0x00000000edc00000)
  to   space 6144K, 0% used [0x00000000edf80000,0x00000000edf80000,0x00000000ee580000)
 ParOldGen       total 35840K, used 32907K [0x00000000c1600000, 0x00000000c3900000, 0x00000000eb200000)
  object space 35840K, 91% used [0x00000000c1600000,0x00000000c3622c48,0x00000000c3900000)
 Metaspace       used 73662K, capacity 74430K, committed 74624K, reserved 1110016K
  class space    used 13351K, capacity 13612K, committed 13696K, reserved 1048576K
GC Heap History (10 events):
Event: 1963.446 GC heap before
{Heap before GC invocations=85 (full 2):
 PSYoungGen      total 54784K, used 50802K [0x00000000eb200000, 0x00000000ef100000, 0x0000000100000000)
  eden space 50176K, 100% used [0x00000000eb200000,0x00000000ee300000,0x00000000ee300000)
  from space 4608K, 13% used [0x00000000eec80000,0x00000000eed1cbc0,0x00000000ef100000)
  to   space 7168K, 0% used [0x00000000ee300000,0x00000000ee300000,0x00000000eea00000)
 ParOldGen       total 35840K, used 32266K [0x00000000c1600000, 0x00000000c3900000, 0x00000000eb200000)
  object space 35840K, 90% used [0x00000000c1600000,0x00000000c3582b98,0x00000000c3900000)
 Metaspace       used 73256K, capacity 74000K, committed 74368K, reserved 1110016K
  class space    used 13330K, capacity 13567K, committed 13696K, reserved 1048576K
Event: 1963.450 GC heap after
Heap after GC invocations=85 (full 2):
 PSYoungGen      total 48640K, used 434K [0x00000000eb200000, 0x00000000eef00000, 0x0000000100000000)
  eden space 48128K, 0% used [0x00000000eb200000,0x00000000eb200000,0x00000000ee100000)
  from space 512K, 84% used [0x00000000ee300000,0x00000000ee36cb90,0x00000000ee380000)
  to   space 7168K, 0% used [0x00000000ee800000,0x00000000ee800000,0x00000000eef00000)
 ParOldGen       total 35840K, used 32438K [0x00000000c1600000, 0x00000000c3900000, 0x00000000eb200000)
  object space 35840K, 90% used [0x00000000c1600000,0x00000000c35adbd8,0x00000000c3900000)
 Metaspace       used 73256K, capacity 74000K, committed 74368K, reserved 1110016K
  class space    used 13330K, capacity 13567K, committed 13696K, reserved 1048576K
}
Event: 2016.444 GC heap before
{Heap before GC invocations=86 (full 2):
 PSYoungGen      total 48640K, used 48562K [0x00000000eb200000, 0x00000000eef00000, 0x0000000100000000)
  eden space 48128K, 100% used [0x00000000eb200000,0x00000000ee100000,0x00000000ee100000)
  from space 512K, 84% used [0x00000000ee300000,0x00000000ee36cb90,0x00000000ee380000)
  to   space 7168K, 0% used [0x00000000ee800000,0x00000000ee800000,0x00000000eef00000)
 ParOldGen       total 35840K, used 32438K [0x00000000c1600000, 0x00000000c3900000, 0x00000000eb200000)
  object space 35840K, 90% used [0x00000000c1600000,0x00000000c35adbd8,0x00000000c3900000)
 Metaspace       used 73358K, capacity 74076K, committed 74368K, reserved 1110016K
  class space    used 13331K, capacity 13569K, committed 13696K, reserved 1048576K
Event: 2016.449 GC heap after
Heap after GC invocations=86 (full 2):
 PSYoungGen      total 51200K, used 784K [0x00000000eb200000, 0x00000000eed00000, 0x0000000100000000)
  eden space 46080K, 0% used [0x00000000eb200000,0x00000000eb200000,0x00000000edf00000)
  from space 5120K, 15% used [0x00000000ee800000,0x00000000ee8c4060,0x00000000eed00000)
  to   space 7168K, 0% used [0x00000000edf00000,0x00000000edf00000,0x00000000ee600000)
 ParOldGen       total 35840K, used 32462K [0x00000000c1600000, 0x00000000c3900000, 0x00000000eb200000)
  object space 35840K, 90% used [0x00000000c1600000,0x00000000c35b3bd8,0x00000000c3900000)
 Metaspace       used 73358K, capacity 74076K, committed 74368K, reserved 1110016K
  class space    used 13331K, capacity 13569K, committed 13696K, reserved 1048576K
}
Event: 2111.936 GC heap before
{Heap before GC invocations=87 (full 2):
 PSYoungGen      total 51200K, used 46864K [0x00000000eb200000, 0x00000000eed00000, 0x0000000100000000)
  eden space 46080K, 100% used [0x00000000eb200000,0x00000000edf00000,0x00000000edf00000)
  from space 5120K, 15% used [0x00000000ee800000,0x00000000ee8c4060,0x00000000eed00000)
  to   space 7168K, 0% used [0x00000000edf00000,0x00000000edf00000,0x00000000ee600000)
 ParOldGen       total 35840K, used 32462K [0x00000000c1600000, 0x00000000c3900000, 0x00000000eb200000)
  object space 35840K, 90% used [0x00000000c1600000,0x00000000c35b3bd8,0x00000000c3900000)
 Metaspace       used 73400K, capacity 74140K, committed 74368K, reserved 1110016K
  class space    used 13331K, capacity 13569K, committed 13696K, reserved 1048576K
Event: 2111.940 GC heap after
Heap after GC invocations=87 (full 2):
 PSYoungGen      total 46080K, used 1538K [0x00000000eb200000, 0x00000000eea00000, 0x0000000100000000)
  eden space 44032K, 0% used [0x00000000eb200000,0x00000000eb200000,0x00000000edd00000)
  from space 2048K, 75% used [0x00000000edf00000,0x00000000ee080bb0,0x00000000ee100000)
  to   space 6656K, 0% used [0x00000000ee380000,0x00000000ee380000,0x00000000eea00000)
 ParOldGen       total 35840K, used 32619K [0x00000000c1600000, 0x00000000c3900000, 0x00000000eb200000)
  object space 35840K, 91% used [0x00000000c1600000,0x00000000c35dac18,0x00000000c3900000)
 Metaspace       used 73400K, capacity 74140K, committed 74368K, reserved 1110016K
  class space    used 13331K, capacity 13569K, committed 13696K, reserved 1048576K
}
Event: 2182.712 GC heap before
{Heap before GC invocations=88 (full 2):
 PSYoungGen      total 46080K, used 45570K [0x00000000eb200000, 0x00000000eea00000, 0x0000000100000000)
  eden space 44032K, 100% used [0x00000000eb200000,0x00000000edd00000,0x00000000edd00000)
  from space 2048K, 75% used [0x00000000edf00000,0x00000000ee080bb0,0x00000000ee100000)
  to   space 6656K, 0% used [0x00000000ee380000,0x00000000ee380000,0x00000000eea00000)
 ParOldGen       total 35840K, used 32619K [0x00000000c1600000, 0x00000000c3900000, 0x00000000eb200000)
  object space 35840K, 91% used [0x00000000c1600000,0x00000000c35dac18,0x00000000c3900000)
 Metaspace       used 73514K, capacity 74258K, committed 74624K, reserved 1110016K
  class space    used 13339K, capacity 13578K, committed 13696K, reserved 1048576K
Event: 2182.719 GC heap after
Heap after GC invocations=88 (full 2):
 PSYoungGen      total 46592K, used 1280K [0x00000000eb200000, 0x00000000ee800000, 0x0000000100000000)
  eden space 41984K, 0% used [0x00000000eb200000,0x00000000eb200000,0x00000000edb00000)
  from space 4608K, 27% used [0x00000000ee380000,0x00000000ee4c0020,0x00000000ee800000)
  to   space 6656K, 0% used [0x00000000edb00000,0x00000000edb00000,0x00000000ee180000)
 ParOldGen       total 35840K, used 32763K [0x00000000c1600000, 0x00000000c3900000, 0x00000000eb200000)
  object space 35840K, 91% used [0x00000000c1600000,0x00000000c35fec28,0x00000000c3900000)
 Metaspace       used 73514K, capacity 74258K, committed 74624K, reserved 1110016K
  class space    used 13339K, capacity 13578K, committed 13696K, reserved 1048576K
}
Event: 2184.764 GC heap before
{Heap before GC invocations=89 (full 2):
 PSYoungGen      total 46592K, used 43264K [0x00000000eb200000, 0x00000000ee800000, 0x0000000100000000)
  eden space 41984K, 100% used [0x00000000eb200000,0x00000000edb00000,0x00000000edb00000)
  from space 4608K, 27% used [0x00000000ee380000,0x00000000ee4c0020,0x00000000ee800000)
  to   space 6656K, 0% used [0x00000000edb00000,0x00000000edb00000,0x00000000ee180000)
 ParOldGen       total 35840K, used 32763K [0x00000000c1600000, 0x00000000c3900000, 0x00000000eb200000)
  object space 35840K, 91% used [0x00000000c1600000,0x00000000c35fec28,0x00000000c3900000)
 Metaspace       used 73563K, capacity 74322K, committed 74624K, reserved 1110016K
  class space    used 13343K, capacity 13578K, committed 13696K, reserved 1048576K
Event: 2184.767 GC heap after
Heap after GC invocations=89 (full 2):
 PSYoungGen      total 41472K, used 704K [0x00000000eb200000, 0x00000000ee580000, 0x0000000100000000)
  eden space 40448K, 0% used [0x00000000eb200000,0x00000000eb200000,0x00000000ed980000)
  from space 1024K, 68% used [0x00000000edb00000,0x00000000edbb0080,0x00000000edc00000)
  to   space 6144K, 0% used [0x00000000edf80000,0x00000000edf80000,0x00000000ee580000)
 ParOldGen       total 35840K, used 32907K [0x00000000c1600000, 0x00000000c3900000, 0x00000000eb200000)
  object space 35840K, 91% used [0x00000000c1600000,0x00000000c3622c48,0x00000000c3900000)
 Metaspace       used 73563K, capacity 74322K, committed 74624K, reserved 1110016K
  class space    used 13343K, capacity 13578K, committed 13696K, reserved 1048576K
}

