# JRE version: Java(TM) SE Runtime Environment (8.0_05-b13) (build 1.8.0_05-b13)
# Java VM: Java HotSpot(TM) 64-Bit Server VM (25.5-b02 mixed mode windows-amd64 compressed oops)
Heap:
 PSYoungGen      total 155648K, used 72855K [0x00000000eb200000, 0x00000000f7780000, 0x0000000100000000)
  eden space 110080K, 46% used [0x00000000eb200000,0x00000000ee3c57d8,0x00000000f1d80000)
  from space 45568K, 48% used [0x00000000f1d80000,0x00000000f32e0578,0x00000000f4a00000)
  to   space 44032K, 0% used [0x00000000f4c80000,0x00000000f4c80000,0x00000000f7780000)
 ParOldGen       total 95232K, used 72600K [0x00000000c1600000, 0x00000000c7300000, 0x00000000eb200000)
  object space 95232K, 76% used [0x00000000c1600000,0x00000000c5ce6240,0x00000000c7300000)
 Metaspace       used 112622K, capacity 113862K, committed 114176K, reserved 1144832K
  class space    used 19203K, capacity 19661K, committed 19712K, reserved 1048576K
GC Heap History (10 events):
Event: 2162.943 GC heap before
{Heap before GC invocations=39 (full 3):
 PSYoungGen      total 136192K, used 125515K [0x00000000eb200000, 0x00000000f5d00000, 0x0000000100000000)
  eden space 102912K, 100% used [0x00000000eb200000,0x00000000f1680000,0x00000000f1680000)
  from space 33280K, 67% used [0x00000000f1680000,0x00000000f2c92d90,0x00000000f3700000)
  to   space 34816K, 0% used [0x00000000f3b00000,0x00000000f3b00000,0x00000000f5d00000)
 ParOldGen       total 83456K, used 69623K [0x00000000c1600000, 0x00000000c6780000, 0x00000000eb200000)
  object space 83456K, 83% used [0x00000000c1600000,0x00000000c59fde68,0x00000000c6780000)
 Metaspace       used 110571K, capacity 111802K, committed 112128K, reserved 1142784K
  class space    used 18924K, capacity 19338K, committed 19456K, reserved 1048576K
Event: 2162.978 GC heap after
Heap after GC invocations=39 (full 3):
 PSYoungGen      total 139776K, used 19725K [0x00000000eb200000, 0x00000000f5d80000, 0x0000000100000000)
  eden space 104960K, 0% used [0x00000000eb200000,0x00000000eb200000,0x00000000f1880000)
  from space 34816K, 56% used [0x00000000f3b00000,0x00000000f4e43788,0x00000000f5d00000)
  to   space 35328K, 0% used [0x00000000f1880000,0x00000000f1880000,0x00000000f3b00000)
 ParOldGen       total 83456K, used 69631K [0x00000000c1600000, 0x00000000c6780000, 0x00000000eb200000)
  object space 83456K, 83% used [0x00000000c1600000,0x00000000c59ffe68,0x00000000c6780000)
 Metaspace       used 110571K, capacity 111802K, committed 112128K, reserved 1142784K
  class space    used 18924K, capacity 19338K, committed 19456K, reserved 1048576K
}
Event: 2165.897 GC heap before
{Heap before GC invocations=40 (full 3):
 PSYoungGen      total 139776K, used 124685K [0x00000000eb200000, 0x00000000f5d80000, 0x0000000100000000)
  eden space 104960K, 100% used [0x00000000eb200000,0x00000000f1880000,0x00000000f1880000)
  from space 34816K, 56% used [0x00000000f3b00000,0x00000000f4e43788,0x00000000f5d00000)
  to   space 35328K, 0% used [0x00000000f1880000,0x00000000f1880000,0x00000000f3b00000)
 ParOldGen       total 83456K, used 69631K [0x00000000c1600000, 0x00000000c6780000, 0x00000000eb200000)
  object space 83456K, 83% used [0x00000000c1600000,0x00000000c59ffe68,0x00000000c6780000)
 Metaspace       used 111005K, capacity 112274K, committed 112512K, reserved 1142784K
  class space    used 19037K, capacity 19470K, committed 19584K, reserved 1048576K
Event: 2166.004 GC heap after
Heap after GC invocations=40 (full 3):
 PSYoungGen      total 140288K, used 35304K [0x00000000eb200000, 0x00000000f7a80000, 0x0000000100000000)
  eden space 104960K, 0% used [0x00000000eb200000,0x00000000eb200000,0x00000000f1880000)
  from space 35328K, 99% used [0x00000000f1880000,0x00000000f3afa180,0x00000000f3b00000)
  to   space 48128K, 0% used [0x00000000f4b80000,0x00000000f4b80000,0x00000000f7a80000)
 ParOldGen       total 90112K, used 89779K [0x00000000c1600000, 0x00000000c6e00000, 0x00000000eb200000)
  object space 90112K, 99% used [0x00000000c1600000,0x00000000c6dacc50,0x00000000c6e00000)
 Metaspace       used 111005K, capacity 112274K, committed 112512K, reserved 1142784K
  class space    used 19037K, capacity 19470K, committed 19584K, reserved 1048576K
}
Event: 2166.005 GC heap before
{Heap before GC invocations=41 (full 4):
 PSYoungGen      total 140288K, used 35304K [0x00000000eb200000, 0x00000000f7a80000, 0x0000000100000000)
  eden space 104960K, 0% used [0x00000000eb200000,0x00000000eb200000,0x00000000f1880000)
  from space 35328K, 99% used [0x00000000f1880000,0x00000000f3afa180,0x00000000f3b00000)
  to   space 48128K, 0% used [0x00000000f4b80000,0x00000000f4b80000,0x00000000f7a80000)
 ParOldGen       total 90112K, used 89779K [0x00000000c1600000, 0x00000000c6e00000, 0x00000000eb200000)
  object space 90112K, 99% used [0x00000000c1600000,0x00000000c6dacc50,0x00000000c6e00000)
 Metaspace       used 111005K, capacity 112274K, committed 112512K, reserved 1142784K
  class space    used 19037K, capacity 19470K, committed 19584K, reserved 1048576K
Event: 2166.615 GC heap after
Heap after GC invocations=41 (full 4):
 PSYoungGen      total 140288K, used 0K [0x00000000eb200000, 0x00000000f7a80000, 0x0000000100000000)
  eden space 104960K, 0% used [0x00000000eb200000,0x00000000eb200000,0x00000000f1880000)
  from space 35328K, 0% used [0x00000000f1880000,0x00000000f1880000,0x00000000f3b00000)
  to   space 48128K, 0% used [0x00000000f4b80000,0x00000000f4b80000,0x00000000f7a80000)
 ParOldGen       total 95232K, used 72584K [0x00000000c1600000, 0x00000000c7300000, 0x00000000eb200000)
  object space 95232K, 76% used [0x00000000c1600000,0x00000000c5ce2240,0x00000000c7300000)
 Metaspace       used 110817K, capacity 111920K, committed 112512K, reserved 1142784K
  class space    used 19004K, capacity 19410K, committed 19584K, reserved 1048576K
}
Event: 2172.115 GC heap before
{Heap before GC invocations=42 (full 4):
 PSYoungGen      total 140288K, used 104960K [0x00000000eb200000, 0x00000000f7a80000, 0x0000000100000000)
  eden space 104960K, 100% used [0x00000000eb200000,0x00000000f1880000,0x00000000f1880000)
  from space 35328K, 0% used [0x00000000f1880000,0x00000000f1880000,0x00000000f3b00000)
  to   space 48128K, 0% used [0x00000000f4b80000,0x00000000f4b80000,0x00000000f7a80000)
 ParOldGen       total 95232K, used 72584K [0x00000000c1600000, 0x00000000c7300000, 0x00000000eb200000)
  object space 95232K, 76% used [0x00000000c1600000,0x00000000c5ce2240,0x00000000c7300000)
 Metaspace       used 111458K, capacity 112534K, committed 113280K, reserved 1142784K
  class space    used 19049K, capacity 19443K, committed 19584K, reserved 1048576K
Event: 2172.171 GC heap after
Heap after GC invocations=42 (full 4):
 PSYoungGen      total 154112K, used 16559K [0x00000000eb200000, 0x00000000f7680000, 0x0000000100000000)
  eden space 110080K, 0% used [0x00000000eb200000,0x00000000eb200000,0x00000000f1d80000)
  from space 44032K, 37% used [0x00000000f4b80000,0x00000000f5babf78,0x00000000f7680000)
  to   space 45568K, 0% used [0x00000000f1d80000,0x00000000f1d80000,0x00000000f4a00000)
 ParOldGen       total 95232K, used 72592K [0x00000000c1600000, 0x00000000c7300000, 0x00000000eb200000)
  object space 95232K, 76% used [0x00000000c1600000,0x00000000c5ce4240,0x00000000c7300000)
 Metaspace       used 111458K, capacity 112534K, committed 113280K, reserved 1142784K
  class space    used 19049K, capacity 19443K, committed 19584K, reserved 1048576K
}
Event: 2188.514 GC heap before
{Heap before GC invocations=43 (full 4):
 PSYoungGen      total 154112K, used 126639K [0x00000000eb200000, 0x00000000f7680000, 0x0000000100000000)
  eden space 110080K, 100% used [0x00000000eb200000,0x00000000f1d80000,0x00000000f1d80000)
  from space 44032K, 37% used [0x00000000f4b80000,0x00000000f5babf78,0x00000000f7680000)
  to   space 45568K, 0% used [0x00000000f1d80000,0x00000000f1d80000,0x00000000f4a00000)
 ParOldGen       total 95232K, used 72592K [0x00000000c1600000, 0x00000000c7300000, 0x00000000eb200000)
  object space 95232K, 76% used [0x00000000c1600000,0x00000000c5ce4240,0x00000000c7300000)
 Metaspace       used 112239K, capacity 113430K, committed 113920K, reserved 1142784K
  class space    used 19151K, capacity 19607K, committed 19712K, reserved 1048576K
Event: 2188.554 GC heap after
Heap after GC invocations=43 (full 4):
 PSYoungGen      total 155648K, used 21889K [0x00000000eb200000, 0x00000000f7780000, 0x0000000100000000)
  eden space 110080K, 0% used [0x00000000eb200000,0x00000000eb200000,0x00000000f1d80000)
  from space 45568K, 48% used [0x00000000f1d80000,0x00000000f32e0578,0x00000000f4a00000)
  to   space 44032K, 0% used [0x00000000f4c80000,0x00000000f4c80000,0x00000000f7780000)
 ParOldGen       total 95232K, used 72600K [0x00000000c1600000, 0x00000000c7300000, 0x00000000eb200000)
  object space 95232K, 76% used [0x00000000c1600000,0x00000000c5ce6240,0x00000000c7300000)
 Metaspace       used 112239K, capacity 113430K, committed 113920K, reserved 1142784K
  class space    used 19151K, capacity 19607K, committed 19712K, reserved 1048576K
}

