# JRE version: Java(TM) SE Runtime Environment (8.0_05-b13) (build 1.8.0_05-b13)
# Java VM: Java HotSpot(TM) 64-Bit Server VM (25.5-b02 mixed mode windows-amd64 compressed oops)
Heap:
 PSYoungGen      total 126976K, used 78607K [0x00000000eb200000, 0x00000000f6c00000, 0x0000000100000000)
  eden space 68608K, 64% used [0x00000000eb200000,0x00000000edd30018,0x00000000ef500000)
  from space 58368K, 58% used [0x00000000f3300000,0x00000000f5493e48,0x00000000f6c00000)
  to   space 60928K, 0% used [0x00000000ef500000,0x00000000ef500000,0x00000000f3080000)
 ParOldGen       total 100864K, used 77218K [0x00000000c1600000, 0x00000000c7880000, 0x00000000eb200000)
  object space 100864K, 76% used [0x00000000c1600000,0x00000000c61688d8,0x00000000c7880000)
 Metaspace       used 124311K, capacity 125584K, committed 125952K, reserved 1155072K
  class space    used 20766K, capacity 21200K, committed 21248K, reserved 1048576K
GC Heap History (10 events):
Event: 4675.054 GC heap before
{Heap before GC invocations=70 (full 6):
 PSYoungGen      total 127488K, used 85402K [0x00000000eb200000, 0x00000000f7380000, 0x0000000100000000)
  eden space 54784K, 100% used [0x00000000eb200000,0x00000000ee780000,0x00000000ee780000)
  from space 72704K, 42% used [0x00000000ee780000,0x00000000f0566a40,0x00000000f2e80000)
  to   space 69120K, 0% used [0x00000000f3000000,0x00000000f3000000,0x00000000f7380000)
 ParOldGen       total 100864K, used 77178K [0x00000000c1600000, 0x00000000c7880000, 0x00000000eb200000)
  object space 100864K, 76% used [0x00000000c1600000,0x00000000c615e8d8,0x00000000c7880000)
 Metaspace       used 123031K, capacity 124122K, committed 124928K, reserved 1153024K
  class space    used 20566K, capacity 20917K, committed 20992K, reserved 1048576K
Event: 4675.093 GC heap after
Heap after GC invocations=70 (full 6):
 PSYoungGen      total 122880K, used 32562K [0x00000000eb200000, 0x00000000f6e00000, 0x0000000100000000)
  eden space 59392K, 0% used [0x00000000eb200000,0x00000000eb200000,0x00000000eec00000)
  from space 63488K, 51% used [0x00000000f3000000,0x00000000f4fcc8c0,0x00000000f6e00000)
  to   space 66560K, 0% used [0x00000000eec00000,0x00000000eec00000,0x00000000f2d00000)
 ParOldGen       total 100864K, used 77186K [0x00000000c1600000, 0x00000000c7880000, 0x00000000eb200000)
  object space 100864K, 76% used [0x00000000c1600000,0x00000000c61608d8,0x00000000c7880000)
 Metaspace       used 123031K, capacity 124122K, committed 124928K, reserved 1153024K
  class space    used 20566K, capacity 20917K, committed 20992K, reserved 1048576K
}
Event: 4676.904 GC heap before
{Heap before GC invocations=71 (full 6):
 PSYoungGen      total 122880K, used 91954K [0x00000000eb200000, 0x00000000f6e00000, 0x0000000100000000)
  eden space 59392K, 100% used [0x00000000eb200000,0x00000000eec00000,0x00000000eec00000)
  from space 63488K, 51% used [0x00000000f3000000,0x00000000f4fcc8c0,0x00000000f6e00000)
  to   space 66560K, 0% used [0x00000000eec00000,0x00000000eec00000,0x00000000f2d00000)
 ParOldGen       total 100864K, used 77186K [0x00000000c1600000, 0x00000000c7880000, 0x00000000eb200000)
  object space 100864K, 76% used [0x00000000c1600000,0x00000000c61608d8,0x00000000c7880000)
 Metaspace       used 123769K, capacity 124986K, committed 125696K, reserved 1153024K
  class space    used 20697K, capacity 21113K, committed 21248K, reserved 1048576K
Event: 4676.954 GC heap after
Heap after GC invocations=71 (full 6):
 PSYoungGen      total 125952K, used 33152K [0x00000000eb200000, 0x00000000f6e80000, 0x0000000100000000)
  eden space 59392K, 0% used [0x00000000eb200000,0x00000000eb200000,0x00000000eec00000)
  from space 66560K, 49% used [0x00000000eec00000,0x00000000f0c603d8,0x00000000f2d00000)
  to   space 64000K, 0% used [0x00000000f3000000,0x00000000f3000000,0x00000000f6e80000)
 ParOldGen       total 100864K, used 77194K [0x00000000c1600000, 0x00000000c7880000, 0x00000000eb200000)
  object space 100864K, 76% used [0x00000000c1600000,0x00000000c61628d8,0x00000000c7880000)
 Metaspace       used 123769K, capacity 124986K, committed 125696K, reserved 1153024K
  class space    used 20697K, capacity 21113K, committed 21248K, reserved 1048576K
}
Event: 4681.191 GC heap before
{Heap before GC invocations=72 (full 6):
 PSYoungGen      total 125952K, used 92544K [0x00000000eb200000, 0x00000000f6e80000, 0x0000000100000000)
  eden space 59392K, 100% used [0x00000000eb200000,0x00000000eec00000,0x00000000eec00000)
  from space 66560K, 49% used [0x00000000eec00000,0x00000000f0c603d8,0x00000000f2d00000)
  to   space 64000K, 0% used [0x00000000f3000000,0x00000000f3000000,0x00000000f6e80000)
 ParOldGen       total 100864K, used 77194K [0x00000000c1600000, 0x00000000c7880000, 0x00000000eb200000)
  object space 100864K, 76% used [0x00000000c1600000,0x00000000c61628d8,0x00000000c7880000)
 Metaspace       used 123807K, capacity 124990K, committed 125696K, reserved 1153024K
  class space    used 20697K, capacity 21113K, committed 21248K, reserved 1048576K
Event: 4681.299 GC heap after
Heap after GC invocations=72 (full 6):
 PSYoungGen      total 128512K, used 39663K [0x00000000eb200000, 0x00000000f6f80000, 0x0000000100000000)
  eden space 64512K, 0% used [0x00000000eb200000,0x00000000eb200000,0x00000000ef100000)
  from space 64000K, 61% used [0x00000000f3000000,0x00000000f56bbd28,0x00000000f6e80000)
  to   space 64512K, 0% used [0x00000000ef100000,0x00000000ef100000,0x00000000f3000000)
 ParOldGen       total 100864K, used 77202K [0x00000000c1600000, 0x00000000c7880000, 0x00000000eb200000)
  object space 100864K, 76% used [0x00000000c1600000,0x00000000c61648d8,0x00000000c7880000)
 Metaspace       used 123807K, capacity 124990K, committed 125696K, reserved 1153024K
  class space    used 20697K, capacity 21113K, committed 21248K, reserved 1048576K
}
Event: 4916.154 GC heap before
{Heap before GC invocations=73 (full 6):
 PSYoungGen      total 128512K, used 104175K [0x00000000eb200000, 0x00000000f6f80000, 0x0000000100000000)
  eden space 64512K, 100% used [0x00000000eb200000,0x00000000ef100000,0x00000000ef100000)
  from space 64000K, 61% used [0x00000000f3000000,0x00000000f56bbd28,0x00000000f6e80000)
  to   space 64512K, 0% used [0x00000000ef100000,0x00000000ef100000,0x00000000f3000000)
 ParOldGen       total 100864K, used 77202K [0x00000000c1600000, 0x00000000c7880000, 0x00000000eb200000)
  object space 100864K, 76% used [0x00000000c1600000,0x00000000c61648d8,0x00000000c7880000)
 Metaspace       used 123958K, capacity 125232K, committed 125696K, reserved 1153024K
  class space    used 20716K, capacity 21154K, committed 21248K, reserved 1048576K
Event: 4916.201 GC heap after
Heap after GC invocations=73 (full 6):
 PSYoungGen      total 129024K, used 34748K [0x00000000eb200000, 0x00000000f7000000, 0x0000000100000000)
  eden space 64512K, 0% used [0x00000000eb200000,0x00000000eb200000,0x00000000ef100000)
  from space 64512K, 53% used [0x00000000ef100000,0x00000000f12ef070,0x00000000f3000000)
  to   space 62464K, 0% used [0x00000000f3300000,0x00000000f3300000,0x00000000f7000000)
 ParOldGen       total 100864K, used 77210K [0x00000000c1600000, 0x00000000c7880000, 0x00000000eb200000)
  object space 100864K, 76% used [0x00000000c1600000,0x00000000c61668d8,0x00000000c7880000)
 Metaspace       used 123958K, capacity 125232K, committed 125696K, reserved 1153024K
  class space    used 20716K, capacity 21154K, committed 21248K, reserved 1048576K
}
Event: 4977.360 GC heap before
{Heap before GC invocations=74 (full 6):
 PSYoungGen      total 129024K, used 99260K [0x00000000eb200000, 0x00000000f7000000, 0x0000000100000000)
  eden space 64512K, 100% used [0x00000000eb200000,0x00000000ef100000,0x00000000ef100000)
  from space 64512K, 53% used [0x00000000ef100000,0x00000000f12ef070,0x00000000f3000000)
  to   space 62464K, 0% used [0x00000000f3300000,0x00000000f3300000,0x00000000f7000000)
 ParOldGen       total 100864K, used 77210K [0x00000000c1600000, 0x00000000c7880000, 0x00000000eb200000)
  object space 100864K, 76% used [0x00000000c1600000,0x00000000c61668d8,0x00000000c7880000)
 Metaspace       used 124080K, capacity 125360K, committed 125952K, reserved 1155072K
  class space    used 20732K, capacity 21154K, committed 21248K, reserved 1048576K
Event: 4977.411 GC heap after
Heap after GC invocations=74 (full 6):
 PSYoungGen      total 126976K, used 34383K [0x00000000eb200000, 0x00000000f6c00000, 0x0000000100000000)
  eden space 68608K, 0% used [0x00000000eb200000,0x00000000eb200000,0x00000000ef500000)
  from space 58368K, 58% used [0x00000000f3300000,0x00000000f5493e48,0x00000000f6c00000)
  to   space 60928K, 0% used [0x00000000ef500000,0x00000000ef500000,0x00000000f3080000)
 ParOldGen       total 100864K, used 77218K [0x00000000c1600000, 0x00000000c7880000, 0x00000000eb200000)
  object space 100864K, 76% used [0x00000000c1600000,0x00000000c61688d8,0x00000000c7880000)
 Metaspace       used 124080K, capacity 125360K, committed 125952K, reserved 1155072K
  class space    used 20732K, capacity 21154K, committed 21248K, reserved 1048576K
}

